{"C:\\Users\\admin\\Downloads\\cs4218-2420-ecom-project-team01\\client\\src\\components\\AdminMenu.js": {"path":"C:\\Users\\admin\\Downloads\\cs4218-2420-ecom-project-team01\\client\\src\\components\\AdminMenu.js","statementMap":{"0":{"start":{"line":3,"column":18},"end":{"line":43,"column":1}},"1":{"start":{"line":4,"column":2},"end":{"line":42,"column":4}}},"fnMap":{"0":{"name":"(anonymous_0)","decl":{"start":{"line":3,"column":18},"end":{"line":3,"column":19}},"loc":{"start":{"line":3,"column":24},"end":{"line":43,"column":1}},"line":3}},"branchMap":{},"s":{"0":1,"1":0},"f":{"0":0},"b":{},"_coverageSchema":"1a1c01bbd47fc00a2c39e90264f33305004495a9","hash":"e7bfe74a210fd147966fa35b1688f1c353b0eafa"}
,"C:\\Users\\admin\\Downloads\\cs4218-2420-ecom-project-team01\\client\\src\\components\\Form\\CategoryForm.js": {"path":"C:\\Users\\admin\\Downloads\\cs4218-2420-ecom-project-team01\\client\\src\\components\\Form\\CategoryForm.js","statementMap":{"0":{"start":{"line":3,"column":21},"end":{"line":23,"column":1}},"1":{"start":{"line":4,"column":2},"end":{"line":22,"column":4}},"2":{"start":{"line":13,"column":29},"end":{"line":13,"column":53}}},"fnMap":{"0":{"name":"(anonymous_0)","decl":{"start":{"line":3,"column":21},"end":{"line":3,"column":22}},"loc":{"start":{"line":3,"column":60},"end":{"line":23,"column":1}},"line":3},"1":{"name":"(anonymous_1)","decl":{"start":{"line":13,"column":22},"end":{"line":13,"column":23}},"loc":{"start":{"line":13,"column":29},"end":{"line":13,"column":53}},"line":13}},"branchMap":{},"s":{"0":1,"1":0,"2":0},"f":{"0":0,"1":0},"b":{},"_coverageSchema":"1a1c01bbd47fc00a2c39e90264f33305004495a9","hash":"a413400b2dc86d55bf14f30fc37667f462011e2a"}
,"C:\\Users\\admin\\Downloads\\cs4218-2420-ecom-project-team01\\client\\src\\components\\Form\\SearchInput.js": {"path":"C:\\Users\\admin\\Downloads\\cs4218-2420-ecom-project-team01\\client\\src\\components\\Form\\SearchInput.js","statementMap":{"0":{"start":{"line":5,"column":20},"end":{"line":41,"column":1}},"1":{"start":{"line":6,"column":30},"end":{"line":6,"column":41}},"2":{"start":{"line":7,"column":19},"end":{"line":7,"column":32}},"3":{"start":{"line":9,"column":23},"end":{"line":23,"column":3}},"4":{"start":{"line":10,"column":4},"end":{"line":10,"column":23}},"5":{"start":{"line":11,"column":4},"end":{"line":13,"column":5}},"6":{"start":{"line":12,"column":6},"end":{"line":12,"column":13}},"7":{"start":{"line":14,"column":4},"end":{"line":22,"column":5}},"8":{"start":{"line":15,"column":23},"end":{"line":17,"column":7}},"9":{"start":{"line":18,"column":6},"end":{"line":18,"column":46}},"10":{"start":{"line":19,"column":6},"end":{"line":19,"column":26}},"11":{"start":{"line":21,"column":6},"end":{"line":21,"column":25}},"12":{"start":{"line":24,"column":2},"end":{"line":40,"column":4}},"13":{"start":{"line":33,"column":27},"end":{"line":33,"column":76}}},"fnMap":{"0":{"name":"(anonymous_0)","decl":{"start":{"line":5,"column":20},"end":{"line":5,"column":21}},"loc":{"start":{"line":5,"column":26},"end":{"line":41,"column":1}},"line":5},"1":{"name":"(anonymous_1)","decl":{"start":{"line":9,"column":23},"end":{"line":9,"column":24}},"loc":{"start":{"line":9,"column":36},"end":{"line":23,"column":3}},"line":9},"2":{"name":"(anonymous_2)","decl":{"start":{"line":33,"column":20},"end":{"line":33,"column":21}},"loc":{"start":{"line":33,"column":27},"end":{"line":33,"column":76}},"line":33}},"branchMap":{"0":{"loc":{"start":{"line":11,"column":4},"end":{"line":13,"column":5}},"type":"if","locations":[{"start":{"line":11,"column":4},"end":{"line":13,"column":5}},{"start":{},"end":{}}],"line":11}},"s":{"0":1,"1":0,"2":0,"3":0,"4":0,"5":0,"6":0,"7":0,"8":0,"9":0,"10":0,"11":0,"12":0,"13":0},"f":{"0":0,"1":0,"2":0},"b":{"0":[0,0]},"_coverageSchema":"1a1c01bbd47fc00a2c39e90264f33305004495a9","hash":"2511a7915ea4a0c1279ab615151b6c051b88b51f"}
,"C:\\Users\\admin\\Downloads\\cs4218-2420-ecom-project-team01\\client\\src\\context\\auth.js": {"path":"C:\\Users\\admin\\Downloads\\cs4218-2420-ecom-project-team01\\client\\src\\context\\auth.js","statementMap":{"0":{"start":{"line":4,"column":20},"end":{"line":4,"column":35}},"1":{"start":{"line":6,"column":21},"end":{"line":42,"column":1}},"2":{"start":{"line":7,"column":26},"end":{"line":10,"column":4}},"3":{"start":{"line":13,"column":2},"end":{"line":17,"column":3}},"4":{"start":{"line":14,"column":4},"end":{"line":14,"column":76}},"5":{"start":{"line":16,"column":4},"end":{"line":16,"column":58}},"6":{"start":{"line":19,"column":2},"end":{"line":36,"column":9}},"7":{"start":{"line":20,"column":17},"end":{"line":20,"column":45}},"8":{"start":{"line":22,"column":4},"end":{"line":34,"column":5}},"9":{"start":{"line":23,"column":6},"end":{"line":33,"column":7}},"10":{"start":{"line":24,"column":26},"end":{"line":24,"column":42}},"11":{"start":{"line":25,"column":8},"end":{"line":29,"column":11}},"12":{"start":{"line":31,"column":8},"end":{"line":31,"column":75}},"13":{"start":{"line":32,"column":8},"end":{"line":32,"column":40}},"14":{"start":{"line":37,"column":2},"end":{"line":41,"column":4}},"15":{"start":{"line":45,"column":16},"end":{"line":45,"column":45}},"16":{"start":{"line":45,"column":22},"end":{"line":45,"column":45}}},"fnMap":{"0":{"name":"(anonymous_0)","decl":{"start":{"line":6,"column":21},"end":{"line":6,"column":22}},"loc":{"start":{"line":6,"column":39},"end":{"line":42,"column":1}},"line":6},"1":{"name":"(anonymous_1)","decl":{"start":{"line":19,"column":12},"end":{"line":19,"column":13}},"loc":{"start":{"line":19,"column":18},"end":{"line":36,"column":3}},"line":19},"2":{"name":"(anonymous_2)","decl":{"start":{"line":45,"column":16},"end":{"line":45,"column":17}},"loc":{"start":{"line":45,"column":22},"end":{"line":45,"column":45}},"line":45}},"branchMap":{"0":{"loc":{"start":{"line":13,"column":2},"end":{"line":17,"column":3}},"type":"if","locations":[{"start":{"line":13,"column":2},"end":{"line":17,"column":3}},{"start":{"line":15,"column":9},"end":{"line":17,"column":3}}],"line":13},"1":{"loc":{"start":{"line":22,"column":4},"end":{"line":34,"column":5}},"type":"if","locations":[{"start":{"line":22,"column":4},"end":{"line":34,"column":5}},{"start":{},"end":{}}],"line":22}},"s":{"0":1,"1":1,"2":0,"3":0,"4":0,"5":0,"6":0,"7":0,"8":0,"9":0,"10":0,"11":0,"12":0,"13":0,"14":0,"15":1,"16":0},"f":{"0":0,"1":0,"2":0},"b":{"0":[0,0],"1":[0,0]},"_coverageSchema":"1a1c01bbd47fc00a2c39e90264f33305004495a9","hash":"0601aa0c00458b6581b8e7800d03b939b203771e"}
,"C:\\Users\\admin\\Downloads\\cs4218-2420-ecom-project-team01\\client\\src\\context\\search.js": {"path":"C:\\Users\\admin\\Downloads\\cs4218-2420-ecom-project-team01\\client\\src\\context\\search.js","statementMap":{"0":{"start":{"line":3,"column":22},"end":{"line":3,"column":37}},"1":{"start":{"line":4,"column":23},"end":{"line":15,"column":1}},"2":{"start":{"line":5,"column":30},"end":{"line":8,"column":4}},"3":{"start":{"line":10,"column":2},"end":{"line":14,"column":4}},"4":{"start":{"line":18,"column":18},"end":{"line":18,"column":49}},"5":{"start":{"line":18,"column":24},"end":{"line":18,"column":49}}},"fnMap":{"0":{"name":"(anonymous_0)","decl":{"start":{"line":4,"column":23},"end":{"line":4,"column":24}},"loc":{"start":{"line":4,"column":41},"end":{"line":15,"column":1}},"line":4},"1":{"name":"(anonymous_1)","decl":{"start":{"line":18,"column":18},"end":{"line":18,"column":19}},"loc":{"start":{"line":18,"column":24},"end":{"line":18,"column":49}},"line":18}},"branchMap":{},"s":{"0":1,"1":1,"2":0,"3":0,"4":1,"5":0},"f":{"0":0,"1":0},"b":{},"_coverageSchema":"1a1c01bbd47fc00a2c39e90264f33305004495a9","hash":"4a277b4f9b46083bf83b05ea1719858fe281868d"}
,"C:\\Users\\admin\\Downloads\\cs4218-2420-ecom-project-team01\\client\\src\\hooks\\useCategory.js": {"path":"C:\\Users\\admin\\Downloads\\cs4218-2420-ecom-project-team01\\client\\src\\hooks\\useCategory.js","statementMap":{"0":{"start":{"line":5,"column":38},"end":{"line":5,"column":50}},"1":{"start":{"line":8,"column":24},"end":{"line":18,"column":3}},"2":{"start":{"line":9,"column":4},"end":{"line":17,"column":5}},"3":{"start":{"line":10,"column":23},"end":{"line":10,"column":71}},"4":{"start":{"line":12,"column":6},"end":{"line":14,"column":7}},"5":{"start":{"line":13,"column":8},"end":{"line":13,"column":47}},"6":{"start":{"line":16,"column":6},"end":{"line":16,"column":25}},"7":{"start":{"line":20,"column":2},"end":{"line":22,"column":9}},"8":{"start":{"line":21,"column":4},"end":{"line":21,"column":20}},"9":{"start":{"line":24,"column":2},"end":{"line":24,"column":20}}},"fnMap":{"0":{"name":"useCategory","decl":{"start":{"line":4,"column":24},"end":{"line":4,"column":35}},"loc":{"start":{"line":4,"column":38},"end":{"line":25,"column":1}},"line":4},"1":{"name":"(anonymous_1)","decl":{"start":{"line":8,"column":24},"end":{"line":8,"column":25}},"loc":{"start":{"line":8,"column":36},"end":{"line":18,"column":3}},"line":8},"2":{"name":"(anonymous_2)","decl":{"start":{"line":20,"column":12},"end":{"line":20,"column":13}},"loc":{"start":{"line":20,"column":18},"end":{"line":22,"column":3}},"line":20}},"branchMap":{"0":{"loc":{"start":{"line":12,"column":6},"end":{"line":14,"column":7}},"type":"if","locations":[{"start":{"line":12,"column":6},"end":{"line":14,"column":7}},{"start":{},"end":{}}],"line":12}},"s":{"0":0,"1":0,"2":0,"3":0,"4":0,"5":0,"6":0,"7":0,"8":0,"9":0},"f":{"0":0,"1":0,"2":0},"b":{"0":[0,0]},"_coverageSchema":"1a1c01bbd47fc00a2c39e90264f33305004495a9","hash":"6bde62aee1df7861af500facb3497fc763432f60"}
,"C:\\Users\\admin\\Downloads\\cs4218-2420-ecom-project-team01\\client\\src\\pages\\Search.js": {"path":"C:\\Users\\admin\\Downloads\\cs4218-2420-ecom-project-team01\\client\\src\\pages\\Search.js","statementMap":{"0":{"start":{"line":7,"column":15},"end":{"line":64,"column":1}},"1":{"start":{"line":8,"column":19},"end":{"line":8,"column":30}},"2":{"start":{"line":9,"column":26},"end":{"line":9,"column":35}},"3":{"start":{"line":10,"column":19},"end":{"line":10,"column":32}},"4":{"start":{"line":12,"column":26},"end":{"line":16,"column":3}},"5":{"start":{"line":13,"column":4},"end":{"line":13,"column":32}},"6":{"start":{"line":14,"column":4},"end":{"line":14,"column":69}},"7":{"start":{"line":15,"column":4},"end":{"line":15,"column":40}},"8":{"start":{"line":18,"column":2},"end":{"line":63,"column":4}},"9":{"start":{"line":30,"column":14},"end":{"line":57,"column":20}},"10":{"start":{"line":48,"column":35},"end":{"line":48,"column":65}},"11":{"start":{"line":53,"column":35},"end":{"line":53,"column":53}}},"fnMap":{"0":{"name":"(anonymous_0)","decl":{"start":{"line":7,"column":15},"end":{"line":7,"column":16}},"loc":{"start":{"line":7,"column":21},"end":{"line":64,"column":1}},"line":7},"1":{"name":"(anonymous_1)","decl":{"start":{"line":12,"column":26},"end":{"line":12,"column":27}},"loc":{"start":{"line":12,"column":45},"end":{"line":16,"column":3}},"line":12},"2":{"name":"(anonymous_2)","decl":{"start":{"line":29,"column":33},"end":{"line":29,"column":34}},"loc":{"start":{"line":30,"column":14},"end":{"line":57,"column":20}},"line":30},"3":{"name":"(anonymous_3)","decl":{"start":{"line":48,"column":29},"end":{"line":48,"column":30}},"loc":{"start":{"line":48,"column":35},"end":{"line":48,"column":65}},"line":48},"4":{"name":"(anonymous_4)","decl":{"start":{"line":53,"column":29},"end":{"line":53,"column":30}},"loc":{"start":{"line":53,"column":35},"end":{"line":53,"column":53}},"line":53}},"branchMap":{"0":{"loc":{"start":{"line":24,"column":13},"end":{"line":26,"column":49}},"type":"cond-expr","locations":[{"start":{"line":25,"column":16},"end":{"line":25,"column":35}},{"start":{"line":26,"column":16},"end":{"line":26,"column":49}}],"line":24}},"s":{"0":1,"1":0,"2":0,"3":0,"4":0,"5":0,"6":0,"7":0,"8":0,"9":0,"10":0,"11":0},"f":{"0":0,"1":0,"2":0,"3":0,"4":0},"b":{"0":[0,0]},"_coverageSchema":"1a1c01bbd47fc00a2c39e90264f33305004495a9","hash":"740132a1a3da7a9f3f8b23e7d6a17f0a8a7addd2"}
,"C:\\Users\\admin\\Downloads\\cs4218-2420-ecom-project-team01\\client\\src\\pages\\admin\\CreateCategory.js": {"path":"C:\\Users\\admin\\Downloads\\cs4218-2420-ecom-project-team01\\client\\src\\pages\\admin\\CreateCategory.js","statementMap":{"0":{"start":{"line":8,"column":23},"end":{"line":157,"column":1}},"1":{"start":{"line":9,"column":38},"end":{"line":9,"column":50}},"2":{"start":{"line":10,"column":26},"end":{"line":10,"column":38}},"3":{"start":{"line":11,"column":32},"end":{"line":11,"column":47}},"4":{"start":{"line":12,"column":34},"end":{"line":12,"column":48}},"5":{"start":{"line":13,"column":40},"end":{"line":13,"column":52}},"6":{"start":{"line":15,"column":23},"end":{"line":31,"column":3}},"7":{"start":{"line":16,"column":4},"end":{"line":16,"column":23}},"8":{"start":{"line":17,"column":4},"end":{"line":30,"column":5}},"9":{"start":{"line":18,"column":23},"end":{"line":20,"column":8}},"10":{"start":{"line":21,"column":6},"end":{"line":26,"column":7}},"11":{"start":{"line":22,"column":8},"end":{"line":22,"column":44}},"12":{"start":{"line":23,"column":8},"end":{"line":23,"column":25}},"13":{"start":{"line":25,"column":8},"end":{"line":25,"column":34}},"14":{"start":{"line":28,"column":6},"end":{"line":28,"column":25}},"15":{"start":{"line":29,"column":6},"end":{"line":29,"column":55}},"16":{"start":{"line":34,"column":25},"end":{"line":47,"column":3}},"17":{"start":{"line":35,"column":4},"end":{"line":46,"column":5}},"18":{"start":{"line":36,"column":23},"end":{"line":36,"column":71}},"19":{"start":{"line":37,"column":6},"end":{"line":42,"column":7}},"20":{"start":{"line":38,"column":25},"end":{"line":38,"column":33}},"21":{"start":{"line":39,"column":8},"end":{"line":41,"column":9}},"22":{"start":{"line":40,"column":10},"end":{"line":40,"column":39}},"23":{"start":{"line":44,"column":6},"end":{"line":44,"column":25}},"24":{"start":{"line":45,"column":6},"end":{"line":45,"column":62}},"25":{"start":{"line":49,"column":2},"end":{"line":51,"column":9}},"26":{"start":{"line":50,"column":4},"end":{"line":50,"column":21}},"27":{"start":{"line":54,"column":23},"end":{"line":73,"column":3}},"28":{"start":{"line":55,"column":4},"end":{"line":55,"column":23}},"29":{"start":{"line":56,"column":4},"end":{"line":72,"column":5}},"30":{"start":{"line":57,"column":23},"end":{"line":60,"column":7}},"31":{"start":{"line":61,"column":6},"end":{"line":69,"column":7}},"32":{"start":{"line":62,"column":8},"end":{"line":62,"column":51}},"33":{"start":{"line":63,"column":8},"end":{"line":63,"column":26}},"34":{"start":{"line":64,"column":8},"end":{"line":64,"column":27}},"35":{"start":{"line":65,"column":8},"end":{"line":65,"column":26}},"36":{"start":{"line":66,"column":8},"end":{"line":66,"column":25}},"37":{"start":{"line":68,"column":8},"end":{"line":68,"column":34}},"38":{"start":{"line":71,"column":6},"end":{"line":71,"column":41}},"39":{"start":{"line":75,"column":23},"end":{"line":90,"column":3}},"40":{"start":{"line":76,"column":4},"end":{"line":89,"column":5}},"41":{"start":{"line":77,"column":23},"end":{"line":79,"column":7}},"42":{"start":{"line":80,"column":6},"end":{"line":86,"column":7}},"43":{"start":{"line":81,"column":8},"end":{"line":81,"column":45}},"44":{"start":{"line":83,"column":8},"end":{"line":83,"column":25}},"45":{"start":{"line":85,"column":8},"end":{"line":85,"column":34}},"46":{"start":{"line":88,"column":6},"end":{"line":88,"column":42}},"47":{"start":{"line":91,"column":2},"end":{"line":156,"column":4}},"48":{"start":{"line":117,"column":22},"end":{"line":139,"column":27}},"49":{"start":{"line":123,"column":30},"end":{"line":123,"column":47}},"50":{"start":{"line":124,"column":30},"end":{"line":124,"column":53}},"51":{"start":{"line":125,"column":30},"end":{"line":125,"column":45}},"52":{"start":{"line":133,"column":30},"end":{"line":133,"column":50}},"53":{"start":{"line":144,"column":35},"end":{"line":144,"column":52}}},"fnMap":{"0":{"name":"(anonymous_0)","decl":{"start":{"line":8,"column":23},"end":{"line":8,"column":24}},"loc":{"start":{"line":8,"column":29},"end":{"line":157,"column":1}},"line":8},"1":{"name":"(anonymous_1)","decl":{"start":{"line":15,"column":23},"end":{"line":15,"column":24}},"loc":{"start":{"line":15,"column":36},"end":{"line":31,"column":3}},"line":15},"2":{"name":"(anonymous_2)","decl":{"start":{"line":34,"column":25},"end":{"line":34,"column":26}},"loc":{"start":{"line":34,"column":37},"end":{"line":47,"column":3}},"line":34},"3":{"name":"(anonymous_3)","decl":{"start":{"line":49,"column":12},"end":{"line":49,"column":13}},"loc":{"start":{"line":49,"column":18},"end":{"line":51,"column":3}},"line":49},"4":{"name":"(anonymous_4)","decl":{"start":{"line":54,"column":23},"end":{"line":54,"column":24}},"loc":{"start":{"line":54,"column":36},"end":{"line":73,"column":3}},"line":54},"5":{"name":"(anonymous_5)","decl":{"start":{"line":75,"column":23},"end":{"line":75,"column":24}},"loc":{"start":{"line":75,"column":38},"end":{"line":90,"column":3}},"line":75},"6":{"name":"(anonymous_6)","decl":{"start":{"line":116,"column":35},"end":{"line":116,"column":36}},"loc":{"start":{"line":117,"column":22},"end":{"line":139,"column":27}},"line":117},"7":{"name":"(anonymous_7)","decl":{"start":{"line":122,"column":37},"end":{"line":122,"column":38}},"loc":{"start":{"line":122,"column":43},"end":{"line":126,"column":29}},"line":122},"8":{"name":"(anonymous_8)","decl":{"start":{"line":132,"column":37},"end":{"line":132,"column":38}},"loc":{"start":{"line":132,"column":43},"end":{"line":134,"column":29}},"line":132},"9":{"name":"(anonymous_9)","decl":{"start":{"line":144,"column":29},"end":{"line":144,"column":30}},"loc":{"start":{"line":144,"column":35},"end":{"line":144,"column":52}},"line":144}},"branchMap":{"0":{"loc":{"start":{"line":21,"column":6},"end":{"line":26,"column":7}},"type":"if","locations":[{"start":{"line":21,"column":6},"end":{"line":26,"column":7}},{"start":{"line":24,"column":13},"end":{"line":26,"column":7}}],"line":21},"1":{"loc":{"start":{"line":37,"column":6},"end":{"line":42,"column":7}},"type":"if","locations":[{"start":{"line":37,"column":6},"end":{"line":42,"column":7}},{"start":{},"end":{}}],"line":37},"2":{"loc":{"start":{"line":39,"column":8},"end":{"line":41,"column":9}},"type":"if","locations":[{"start":{"line":39,"column":8},"end":{"line":41,"column":9}},{"start":{},"end":{}}],"line":39},"3":{"loc":{"start":{"line":61,"column":6},"end":{"line":69,"column":7}},"type":"if","locations":[{"start":{"line":61,"column":6},"end":{"line":69,"column":7}},{"start":{"line":67,"column":13},"end":{"line":69,"column":7}}],"line":61},"4":{"loc":{"start":{"line":80,"column":6},"end":{"line":86,"column":7}},"type":"if","locations":[{"start":{"line":80,"column":6},"end":{"line":86,"column":7}},{"start":{"line":84,"column":13},"end":{"line":86,"column":7}}],"line":80}},"s":{"0":1,"1":0,"2":0,"3":0,"4":0,"5":0,"6":0,"7":0,"8":0,"9":0,"10":0,"11":0,"12":0,"13":0,"14":0,"15":0,"16":0,"17":0,"18":0,"19":0,"20":0,"21":0,"22":0,"23":0,"24":0,"25":0,"26":0,"27":0,"28":0,"29":0,"30":0,"31":0,"32":0,"33":0,"34":0,"35":0,"36":0,"37":0,"38":0,"39":0,"40":0,"41":0,"42":0,"43":0,"44":0,"45":0,"46":0,"47":0,"48":0,"49":0,"50":0,"51":0,"52":0,"53":0},"f":{"0":0,"1":0,"2":0,"3":0,"4":0,"5":0,"6":0,"7":0,"8":0,"9":0},"b":{"0":[0,0],"1":[0,0],"2":[0,0],"3":[0,0],"4":[0,0]},"_coverageSchema":"1a1c01bbd47fc00a2c39e90264f33305004495a9","hash":"44186b38323082229231f7fdcc2bb28030a2dd31"}
,"C:\\Users\\admin\\Downloads\\cs4218-2420-ecom-project-team01\\client\\src\\pages\\admin\\CreateProduct.js": {"path":"C:\\Users\\admin\\Downloads\\cs4218-2420-ecom-project-team01\\client\\src\\pages\\admin\\CreateProduct.js","statementMap":{"0":{"start":{"line":8,"column":19},"end":{"line":8,"column":25}},"1":{"start":{"line":10,"column":22},"end":{"line":215,"column":1}},"2":{"start":{"line":11,"column":19},"end":{"line":11,"column":32}},"3":{"start":{"line":12,"column":38},"end":{"line":12,"column":50}},"4":{"start":{"line":13,"column":26},"end":{"line":13,"column":38}},"5":{"start":{"line":14,"column":40},"end":{"line":14,"column":52}},"6":{"start":{"line":15,"column":28},"end":{"line":15,"column":40}},"7":{"start":{"line":16,"column":34},"end":{"line":16,"column":46}},"8":{"start":{"line":17,"column":34},"end":{"line":17,"column":46}},"9":{"start":{"line":18,"column":34},"end":{"line":18,"column":46}},"10":{"start":{"line":19,"column":28},"end":{"line":19,"column":40}},"11":{"start":{"line":22,"column":25},"end":{"line":35,"column":3}},"12":{"start":{"line":23,"column":4},"end":{"line":34,"column":5}},"13":{"start":{"line":24,"column":23},"end":{"line":24,"column":71}},"14":{"start":{"line":25,"column":6},"end":{"line":30,"column":7}},"15":{"start":{"line":26,"column":8},"end":{"line":26,"column":38}},"16":{"start":{"line":28,"column":8},"end":{"line":28,"column":34}},"17":{"start":{"line":29,"column":8},"end":{"line":29,"column":34}},"18":{"start":{"line":32,"column":6},"end":{"line":32,"column":25}},"19":{"start":{"line":33,"column":6},"end":{"line":33,"column":62}},"20":{"start":{"line":37,"column":2},"end":{"line":39,"column":9}},"21":{"start":{"line":38,"column":4},"end":{"line":38,"column":21}},"22":{"start":{"line":41,"column":19},"end":{"line":63,"column":3}},"23":{"start":{"line":42,"column":4},"end":{"line":53,"column":5}},"24":{"start":{"line":51,"column":6},"end":{"line":51,"column":50}},"25":{"start":{"line":52,"column":6},"end":{"line":52,"column":19}},"26":{"start":{"line":54,"column":4},"end":{"line":57,"column":5}},"27":{"start":{"line":55,"column":6},"end":{"line":55,"column":46}},"28":{"start":{"line":56,"column":6},"end":{"line":56,"column":19}},"29":{"start":{"line":58,"column":4},"end":{"line":61,"column":5}},"30":{"start":{"line":59,"column":6},"end":{"line":59,"column":49}},"31":{"start":{"line":60,"column":6},"end":{"line":60,"column":19}},"32":{"start":{"line":62,"column":4},"end":{"line":62,"column":16}},"33":{"start":{"line":66,"column":23},"end":{"line":96,"column":3}},"34":{"start":{"line":67,"column":4},"end":{"line":67,"column":23}},"35":{"start":{"line":68,"column":4},"end":{"line":70,"column":5}},"36":{"start":{"line":69,"column":6},"end":{"line":69,"column":13}},"37":{"start":{"line":71,"column":4},"end":{"line":95,"column":5}},"38":{"start":{"line":72,"column":26},"end":{"line":72,"column":40}},"39":{"start":{"line":73,"column":6},"end":{"line":73,"column":39}},"40":{"start":{"line":74,"column":6},"end":{"line":74,"column":53}},"41":{"start":{"line":75,"column":6},"end":{"line":75,"column":41}},"42":{"start":{"line":76,"column":6},"end":{"line":76,"column":47}},"43":{"start":{"line":77,"column":6},"end":{"line":77,"column":41}},"44":{"start":{"line":78,"column":6},"end":{"line":78,"column":47}},"45":{"start":{"line":79,"column":6},"end":{"line":79,"column":47}},"46":{"start":{"line":81,"column":23},"end":{"line":84,"column":7}},"47":{"start":{"line":86,"column":6},"end":{"line":91,"column":7}},"48":{"start":{"line":87,"column":8},"end":{"line":87,"column":35}},"49":{"start":{"line":89,"column":8},"end":{"line":89,"column":54}},"50":{"start":{"line":90,"column":8},"end":{"line":90,"column":46}},"51":{"start":{"line":93,"column":6},"end":{"line":93,"column":25}},"52":{"start":{"line":94,"column":6},"end":{"line":94,"column":42}},"53":{"start":{"line":98,"column":2},"end":{"line":214,"column":4}},"54":{"start":{"line":117,"column":18},"end":{"line":117,"column":37}},"55":{"start":{"line":121,"column":18},"end":{"line":123,"column":27}},"56":{"start":{"line":133,"column":37},"end":{"line":133,"column":64}},"57":{"start":{"line":157,"column":35},"end":{"line":157,"column":58}},"58":{"start":{"line":166,"column":35},"end":{"line":166,"column":65}},"59":{"start":{"line":176,"column":35},"end":{"line":176,"column":59}},"60":{"start":{"line":185,"column":35},"end":{"line":185,"column":62}},"61":{"start":{"line":197,"column":20},"end":{"line":197,"column":39}}},"fnMap":{"0":{"name":"(anonymous_0)","decl":{"start":{"line":10,"column":22},"end":{"line":10,"column":23}},"loc":{"start":{"line":10,"column":28},"end":{"line":215,"column":1}},"line":10},"1":{"name":"(anonymous_1)","decl":{"start":{"line":22,"column":25},"end":{"line":22,"column":26}},"loc":{"start":{"line":22,"column":37},"end":{"line":35,"column":3}},"line":22},"2":{"name":"(anonymous_2)","decl":{"start":{"line":37,"column":12},"end":{"line":37,"column":13}},"loc":{"start":{"line":37,"column":18},"end":{"line":39,"column":3}},"line":37},"3":{"name":"(anonymous_3)","decl":{"start":{"line":41,"column":19},"end":{"line":41,"column":20}},"loc":{"start":{"line":41,"column":25},"end":{"line":63,"column":3}},"line":41},"4":{"name":"(anonymous_4)","decl":{"start":{"line":66,"column":23},"end":{"line":66,"column":24}},"loc":{"start":{"line":66,"column":36},"end":{"line":96,"column":3}},"line":66},"5":{"name":"(anonymous_5)","decl":{"start":{"line":116,"column":26},"end":{"line":116,"column":27}},"loc":{"start":{"line":116,"column":37},"end":{"line":118,"column":17}},"line":116},"6":{"name":"(anonymous_6)","decl":{"start":{"line":120,"column":33},"end":{"line":120,"column":34}},"loc":{"start":{"line":121,"column":18},"end":{"line":123,"column":27}},"line":121},"7":{"name":"(anonymous_7)","decl":{"start":{"line":133,"column":30},"end":{"line":133,"column":31}},"loc":{"start":{"line":133,"column":37},"end":{"line":133,"column":64}},"line":133},"8":{"name":"(anonymous_8)","decl":{"start":{"line":157,"column":28},"end":{"line":157,"column":29}},"loc":{"start":{"line":157,"column":35},"end":{"line":157,"column":58}},"line":157},"9":{"name":"(anonymous_9)","decl":{"start":{"line":166,"column":28},"end":{"line":166,"column":29}},"loc":{"start":{"line":166,"column":35},"end":{"line":166,"column":65}},"line":166},"10":{"name":"(anonymous_10)","decl":{"start":{"line":176,"column":28},"end":{"line":176,"column":29}},"loc":{"start":{"line":176,"column":35},"end":{"line":176,"column":59}},"line":176},"11":{"name":"(anonymous_11)","decl":{"start":{"line":185,"column":28},"end":{"line":185,"column":29}},"loc":{"start":{"line":185,"column":35},"end":{"line":185,"column":62}},"line":185},"12":{"name":"(anonymous_12)","decl":{"start":{"line":196,"column":28},"end":{"line":196,"column":29}},"loc":{"start":{"line":196,"column":39},"end":{"line":198,"column":19}},"line":196}},"branchMap":{"0":{"loc":{"start":{"line":25,"column":6},"end":{"line":30,"column":7}},"type":"if","locations":[{"start":{"line":25,"column":6},"end":{"line":30,"column":7}},{"start":{"line":27,"column":13},"end":{"line":30,"column":7}}],"line":25},"1":{"loc":{"start":{"line":42,"column":4},"end":{"line":53,"column":5}},"type":"if","locations":[{"start":{"line":42,"column":4},"end":{"line":53,"column":5}},{"start":{},"end":{}}],"line":42},"2":{"loc":{"start":{"line":43,"column":6},"end":{"line":49,"column":18}},"type":"binary-expr","locations":[{"start":{"line":43,"column":6},"end":{"line":43,"column":19}},{"start":{"line":44,"column":6},"end":{"line":44,"column":26}},{"start":{"line":45,"column":6},"end":{"line":45,"column":15}},{"start":{"line":46,"column":6},"end":{"line":46,"column":21}},{"start":{"line":47,"column":6},"end":{"line":47,"column":18}},{"start":{"line":48,"column":6},"end":{"line":48,"column":21}},{"start":{"line":49,"column":6},"end":{"line":49,"column":18}}],"line":43},"3":{"loc":{"start":{"line":54,"column":4},"end":{"line":57,"column":5}},"type":"if","locations":[{"start":{"line":54,"column":4},"end":{"line":57,"column":5}},{"start":{},"end":{}}],"line":54},"4":{"loc":{"start":{"line":58,"column":4},"end":{"line":61,"column":5}},"type":"if","locations":[{"start":{"line":58,"column":4},"end":{"line":61,"column":5}},{"start":{},"end":{}}],"line":58},"5":{"loc":{"start":{"line":68,"column":4},"end":{"line":70,"column":5}},"type":"if","locations":[{"start":{"line":68,"column":4},"end":{"line":70,"column":5}},{"start":{},"end":{}}],"line":68},"6":{"loc":{"start":{"line":86,"column":6},"end":{"line":91,"column":7}},"type":"if","locations":[{"start":{"line":86,"column":6},"end":{"line":91,"column":7}},{"start":{"line":88,"column":13},"end":{"line":91,"column":7}}],"line":86},"7":{"loc":{"start":{"line":128,"column":19},"end":{"line":128,"column":54}},"type":"cond-expr","locations":[{"start":{"line":128,"column":27},"end":{"line":128,"column":37}},{"start":{"line":128,"column":40},"end":{"line":128,"column":54}}],"line":128},"8":{"loc":{"start":{"line":140,"column":17},"end":{"line":149,"column":17}},"type":"binary-expr","locations":[{"start":{"line":140,"column":17},"end":{"line":140,"column":22}},{"start":{"line":141,"column":18},"end":{"line":148,"column":24}}],"line":140}},"s":{"0":1,"1":1,"2":0,"3":0,"4":0,"5":0,"6":0,"7":0,"8":0,"9":0,"10":0,"11":0,"12":0,"13":0,"14":0,"15":0,"16":0,"17":0,"18":0,"19":0,"20":0,"21":0,"22":0,"23":0,"24":0,"25":0,"26":0,"27":0,"28":0,"29":0,"30":0,"31":0,"32":0,"33":0,"34":0,"35":0,"36":0,"37":0,"38":0,"39":0,"40":0,"41":0,"42":0,"43":0,"44":0,"45":0,"46":0,"47":0,"48":0,"49":0,"50":0,"51":0,"52":0,"53":0,"54":0,"55":0,"56":0,"57":0,"58":0,"59":0,"60":0,"61":0},"f":{"0":0,"1":0,"2":0,"3":0,"4":0,"5":0,"6":0,"7":0,"8":0,"9":0,"10":0,"11":0,"12":0},"b":{"0":[0,0],"1":[0,0],"2":[0,0,0,0,0,0,0],"3":[0,0],"4":[0,0],"5":[0,0],"6":[0,0],"7":[0,0],"8":[0,0]},"_coverageSchema":"1a1c01bbd47fc00a2c39e90264f33305004495a9","hash":"e79254d2f84c098e5640273ea226c584023f0466"}
,"C:\\Users\\admin\\Downloads\\cs4218-2420-ecom-project-team01\\client\\src\\pages\\admin\\Products.js": {"path":"C:\\Users\\admin\\Downloads\\cs4218-2420-ecom-project-team01\\client\\src\\pages\\admin\\Products.js","statementMap":{"0":{"start":{"line":7,"column":17},"end":{"line":58,"column":1}},"1":{"start":{"line":8,"column":34},"end":{"line":8,"column":46}},"2":{"start":{"line":11,"column":25},"end":{"line":19,"column":3}},"3":{"start":{"line":12,"column":4},"end":{"line":18,"column":5}},"4":{"start":{"line":13,"column":23},"end":{"line":13,"column":69}},"5":{"start":{"line":14,"column":6},"end":{"line":14,"column":33}},"6":{"start":{"line":16,"column":6},"end":{"line":16,"column":25}},"7":{"start":{"line":17,"column":6},"end":{"line":17,"column":42}},"8":{"start":{"line":22,"column":2},"end":{"line":24,"column":9}},"9":{"start":{"line":23,"column":4},"end":{"line":23,"column":21}},"10":{"start":{"line":25,"column":2},"end":{"line":57,"column":4}},"11":{"start":{"line":35,"column":14},"end":{"line":51,"column":21}}},"fnMap":{"0":{"name":"(anonymous_0)","decl":{"start":{"line":7,"column":17},"end":{"line":7,"column":18}},"loc":{"start":{"line":7,"column":23},"end":{"line":58,"column":1}},"line":7},"1":{"name":"(anonymous_1)","decl":{"start":{"line":11,"column":25},"end":{"line":11,"column":26}},"loc":{"start":{"line":11,"column":37},"end":{"line":19,"column":3}},"line":11},"2":{"name":"(anonymous_2)","decl":{"start":{"line":22,"column":12},"end":{"line":22,"column":13}},"loc":{"start":{"line":22,"column":18},"end":{"line":24,"column":3}},"line":22},"3":{"name":"(anonymous_3)","decl":{"start":{"line":34,"column":27},"end":{"line":34,"column":28}},"loc":{"start":{"line":35,"column":14},"end":{"line":51,"column":21}},"line":35}},"branchMap":{},"s":{"0":1,"1":0,"2":0,"3":0,"4":0,"5":0,"6":0,"7":0,"8":0,"9":0,"10":0,"11":0},"f":{"0":0,"1":0,"2":0,"3":0},"b":{},"_coverageSchema":"1a1c01bbd47fc00a2c39e90264f33305004495a9","hash":"a7c11f9e8184b1144fc49169dd6329d701b4b9a2"}
,"C:\\Users\\admin\\Downloads\\cs4218-2420-ecom-project-team01\\client\\src\\pages\\admin\\UpdateProduct.js": {"path":"C:\\Users\\admin\\Downloads\\cs4218-2420-ecom-project-team01\\client\\src\\pages\\admin\\UpdateProduct.js","statementMap":{"0":{"start":{"line":8,"column":19},"end":{"line":8,"column":25}},"1":{"start":{"line":10,"column":22},"end":{"line":275,"column":1}},"2":{"start":{"line":11,"column":19},"end":{"line":11,"column":32}},"3":{"start":{"line":12,"column":17},"end":{"line":12,"column":28}},"4":{"start":{"line":13,"column":38},"end":{"line":13,"column":50}},"5":{"start":{"line":14,"column":26},"end":{"line":14,"column":38}},"6":{"start":{"line":15,"column":40},"end":{"line":15,"column":52}},"7":{"start":{"line":16,"column":28},"end":{"line":16,"column":40}},"8":{"start":{"line":17,"column":34},"end":{"line":17,"column":46}},"9":{"start":{"line":18,"column":34},"end":{"line":18,"column":46}},"10":{"start":{"line":19,"column":34},"end":{"line":19,"column":46}},"11":{"start":{"line":20,"column":28},"end":{"line":20,"column":40}},"12":{"start":{"line":21,"column":22},"end":{"line":21,"column":34}},"13":{"start":{"line":24,"column":27},"end":{"line":44,"column":3}},"14":{"start":{"line":25,"column":4},"end":{"line":43,"column":5}},"15":{"start":{"line":26,"column":23},"end":{"line":28,"column":7}},"16":{"start":{"line":29,"column":6},"end":{"line":32,"column":7}},"17":{"start":{"line":30,"column":8},"end":{"line":30,"column":34}},"18":{"start":{"line":31,"column":8},"end":{"line":31,"column":15}},"19":{"start":{"line":33,"column":6},"end":{"line":33,"column":33}},"20":{"start":{"line":34,"column":6},"end":{"line":34,"column":30}},"21":{"start":{"line":35,"column":6},"end":{"line":35,"column":47}},"22":{"start":{"line":36,"column":6},"end":{"line":36,"column":35}},"23":{"start":{"line":37,"column":6},"end":{"line":37,"column":41}},"24":{"start":{"line":38,"column":6},"end":{"line":38,"column":41}},"25":{"start":{"line":39,"column":6},"end":{"line":39,"column":45}},"26":{"start":{"line":41,"column":6},"end":{"line":41,"column":61}},"27":{"start":{"line":42,"column":6},"end":{"line":42,"column":25}},"28":{"start":{"line":46,"column":25},"end":{"line":58,"column":3}},"29":{"start":{"line":47,"column":4},"end":{"line":57,"column":5}},"30":{"start":{"line":48,"column":23},"end":{"line":48,"column":71}},"31":{"start":{"line":49,"column":6},"end":{"line":53,"column":7}},"32":{"start":{"line":50,"column":8},"end":{"line":50,"column":38}},"33":{"start":{"line":52,"column":8},"end":{"line":52,"column":35}},"34":{"start":{"line":55,"column":6},"end":{"line":55,"column":25}},"35":{"start":{"line":56,"column":6},"end":{"line":56,"column":62}},"36":{"start":{"line":60,"column":2},"end":{"line":63,"column":9}},"37":{"start":{"line":61,"column":4},"end":{"line":61,"column":23}},"38":{"start":{"line":62,"column":4},"end":{"line":62,"column":21}},"39":{"start":{"line":65,"column":19},"end":{"line":86,"column":3}},"40":{"start":{"line":66,"column":4},"end":{"line":76,"column":5}},"41":{"start":{"line":74,"column":6},"end":{"line":74,"column":50}},"42":{"start":{"line":75,"column":6},"end":{"line":75,"column":19}},"43":{"start":{"line":77,"column":4},"end":{"line":80,"column":5}},"44":{"start":{"line":78,"column":6},"end":{"line":78,"column":46}},"45":{"start":{"line":79,"column":6},"end":{"line":79,"column":19}},"46":{"start":{"line":81,"column":4},"end":{"line":84,"column":5}},"47":{"start":{"line":82,"column":6},"end":{"line":82,"column":49}},"48":{"start":{"line":83,"column":6},"end":{"line":83,"column":19}},"49":{"start":{"line":85,"column":4},"end":{"line":85,"column":16}},"50":{"start":{"line":89,"column":23},"end":{"line":117,"column":3}},"51":{"start":{"line":90,"column":4},"end":{"line":90,"column":23}},"52":{"start":{"line":91,"column":4},"end":{"line":93,"column":5}},"53":{"start":{"line":92,"column":6},"end":{"line":92,"column":13}},"54":{"start":{"line":94,"column":4},"end":{"line":116,"column":5}},"55":{"start":{"line":95,"column":26},"end":{"line":95,"column":40}},"56":{"start":{"line":96,"column":6},"end":{"line":96,"column":39}},"57":{"start":{"line":97,"column":6},"end":{"line":97,"column":53}},"58":{"start":{"line":98,"column":6},"end":{"line":98,"column":41}},"59":{"start":{"line":99,"column":6},"end":{"line":99,"column":47}},"60":{"start":{"line":100,"column":6},"end":{"line":100,"column":50}},"61":{"start":{"line":101,"column":6},"end":{"line":101,"column":47}},"62":{"start":{"line":102,"column":6},"end":{"line":102,"column":47}},"63":{"start":{"line":103,"column":23},"end":{"line":106,"column":7}},"64":{"start":{"line":107,"column":6},"end":{"line":112,"column":7}},"65":{"start":{"line":108,"column":8},"end":{"line":108,"column":35}},"66":{"start":{"line":110,"column":8},"end":{"line":110,"column":54}},"67":{"start":{"line":111,"column":8},"end":{"line":111,"column":46}},"68":{"start":{"line":114,"column":6},"end":{"line":114,"column":25}},"69":{"start":{"line":115,"column":6},"end":{"line":115,"column":42}},"70":{"start":{"line":120,"column":23},"end":{"line":136,"column":3}},"71":{"start":{"line":121,"column":4},"end":{"line":135,"column":5}},"72":{"start":{"line":122,"column":19},"end":{"line":122,"column":79}},"73":{"start":{"line":123,"column":6},"end":{"line":123,"column":26}},"74":{"start":{"line":123,"column":19},"end":{"line":123,"column":26}},"75":{"start":{"line":124,"column":23},"end":{"line":126,"column":7}},"76":{"start":{"line":127,"column":6},"end":{"line":129,"column":7}},"77":{"start":{"line":128,"column":8},"end":{"line":128,"column":41}},"78":{"start":{"line":130,"column":6},"end":{"line":130,"column":52}},"79":{"start":{"line":131,"column":6},"end":{"line":131,"column":44}},"80":{"start":{"line":133,"column":6},"end":{"line":133,"column":42}},"81":{"start":{"line":134,"column":6},"end":{"line":134,"column":25}},"82":{"start":{"line":137,"column":2},"end":{"line":274,"column":4}},"83":{"start":{"line":155,"column":18},"end":{"line":155,"column":37}},"84":{"start":{"line":159,"column":18},"end":{"line":161,"column":27}},"85":{"start":{"line":172,"column":37},"end":{"line":172,"column":64}},"86":{"start":{"line":208,"column":35},"end":{"line":208,"column":58}},"87":{"start":{"line":217,"column":35},"end":{"line":217,"column":65}},"88":{"start":{"line":227,"column":35},"end":{"line":227,"column":59}},"89":{"start":{"line":236,"column":35},"end":{"line":236,"column":62}},"90":{"start":{"line":248,"column":20},"end":{"line":248,"column":47}}},"fnMap":{"0":{"name":"(anonymous_0)","decl":{"start":{"line":10,"column":22},"end":{"line":10,"column":23}},"loc":{"start":{"line":10,"column":28},"end":{"line":275,"column":1}},"line":10},"1":{"name":"(anonymous_1)","decl":{"start":{"line":24,"column":27},"end":{"line":24,"column":28}},"loc":{"start":{"line":24,"column":39},"end":{"line":44,"column":3}},"line":24},"2":{"name":"(anonymous_2)","decl":{"start":{"line":46,"column":25},"end":{"line":46,"column":26}},"loc":{"start":{"line":46,"column":37},"end":{"line":58,"column":3}},"line":46},"3":{"name":"(anonymous_3)","decl":{"start":{"line":60,"column":12},"end":{"line":60,"column":13}},"loc":{"start":{"line":60,"column":18},"end":{"line":63,"column":3}},"line":60},"4":{"name":"(anonymous_4)","decl":{"start":{"line":65,"column":19},"end":{"line":65,"column":20}},"loc":{"start":{"line":65,"column":25},"end":{"line":86,"column":3}},"line":65},"5":{"name":"(anonymous_5)","decl":{"start":{"line":89,"column":23},"end":{"line":89,"column":24}},"loc":{"start":{"line":89,"column":36},"end":{"line":117,"column":3}},"line":89},"6":{"name":"(anonymous_6)","decl":{"start":{"line":120,"column":23},"end":{"line":120,"column":24}},"loc":{"start":{"line":120,"column":35},"end":{"line":136,"column":3}},"line":120},"7":{"name":"(anonymous_7)","decl":{"start":{"line":154,"column":26},"end":{"line":154,"column":27}},"loc":{"start":{"line":154,"column":37},"end":{"line":156,"column":17}},"line":154},"8":{"name":"(anonymous_8)","decl":{"start":{"line":158,"column":33},"end":{"line":158,"column":34}},"loc":{"start":{"line":159,"column":18},"end":{"line":161,"column":27}},"line":159},"9":{"name":"(anonymous_9)","decl":{"start":{"line":172,"column":30},"end":{"line":172,"column":31}},"loc":{"start":{"line":172,"column":37},"end":{"line":172,"column":64}},"line":172},"10":{"name":"(anonymous_10)","decl":{"start":{"line":208,"column":28},"end":{"line":208,"column":29}},"loc":{"start":{"line":208,"column":35},"end":{"line":208,"column":58}},"line":208},"11":{"name":"(anonymous_11)","decl":{"start":{"line":217,"column":28},"end":{"line":217,"column":29}},"loc":{"start":{"line":217,"column":35},"end":{"line":217,"column":65}},"line":217},"12":{"name":"(anonymous_12)","decl":{"start":{"line":227,"column":28},"end":{"line":227,"column":29}},"loc":{"start":{"line":227,"column":35},"end":{"line":227,"column":59}},"line":227},"13":{"name":"(anonymous_13)","decl":{"start":{"line":236,"column":28},"end":{"line":236,"column":29}},"loc":{"start":{"line":236,"column":35},"end":{"line":236,"column":62}},"line":236},"14":{"name":"(anonymous_14)","decl":{"start":{"line":247,"column":28},"end":{"line":247,"column":29}},"loc":{"start":{"line":247,"column":39},"end":{"line":249,"column":19}},"line":247}},"branchMap":{"0":{"loc":{"start":{"line":29,"column":6},"end":{"line":32,"column":7}},"type":"if","locations":[{"start":{"line":29,"column":6},"end":{"line":32,"column":7}},{"start":{},"end":{}}],"line":29},"1":{"loc":{"start":{"line":29,"column":10},"end":{"line":29,"column":40}},"type":"binary-expr","locations":[{"start":{"line":29,"column":10},"end":{"line":29,"column":23}},{"start":{"line":29,"column":27},"end":{"line":29,"column":40}}],"line":29},"2":{"loc":{"start":{"line":49,"column":6},"end":{"line":53,"column":7}},"type":"if","locations":[{"start":{"line":49,"column":6},"end":{"line":53,"column":7}},{"start":{"line":51,"column":13},"end":{"line":53,"column":7}}],"line":49},"3":{"loc":{"start":{"line":66,"column":4},"end":{"line":76,"column":5}},"type":"if","locations":[{"start":{"line":66,"column":4},"end":{"line":76,"column":5}},{"start":{},"end":{}}],"line":66},"4":{"loc":{"start":{"line":67,"column":6},"end":{"line":72,"column":21}},"type":"binary-expr","locations":[{"start":{"line":67,"column":6},"end":{"line":67,"column":19}},{"start":{"line":68,"column":6},"end":{"line":68,"column":26}},{"start":{"line":69,"column":6},"end":{"line":69,"column":15}},{"start":{"line":70,"column":6},"end":{"line":70,"column":21}},{"start":{"line":71,"column":6},"end":{"line":71,"column":18}},{"start":{"line":72,"column":6},"end":{"line":72,"column":21}}],"line":67},"5":{"loc":{"start":{"line":77,"column":4},"end":{"line":80,"column":5}},"type":"if","locations":[{"start":{"line":77,"column":4},"end":{"line":80,"column":5}},{"start":{},"end":{}}],"line":77},"6":{"loc":{"start":{"line":81,"column":4},"end":{"line":84,"column":5}},"type":"if","locations":[{"start":{"line":81,"column":4},"end":{"line":84,"column":5}},{"start":{},"end":{}}],"line":81},"7":{"loc":{"start":{"line":91,"column":4},"end":{"line":93,"column":5}},"type":"if","locations":[{"start":{"line":91,"column":4},"end":{"line":93,"column":5}},{"start":{},"end":{}}],"line":91},"8":{"loc":{"start":{"line":100,"column":6},"end":{"line":100,"column":49}},"type":"binary-expr","locations":[{"start":{"line":100,"column":6},"end":{"line":100,"column":11}},{"start":{"line":100,"column":15},"end":{"line":100,"column":49}}],"line":100},"9":{"loc":{"start":{"line":107,"column":6},"end":{"line":112,"column":7}},"type":"if","locations":[{"start":{"line":107,"column":6},"end":{"line":112,"column":7}},{"start":{"line":109,"column":13},"end":{"line":112,"column":7}}],"line":107},"10":{"loc":{"start":{"line":123,"column":6},"end":{"line":123,"column":26}},"type":"if","locations":[{"start":{"line":123,"column":6},"end":{"line":123,"column":26}},{"start":{},"end":{}}],"line":123},"11":{"loc":{"start":{"line":127,"column":6},"end":{"line":129,"column":7}},"type":"if","locations":[{"start":{"line":127,"column":6},"end":{"line":129,"column":7}},{"start":{},"end":{}}],"line":127},"12":{"loc":{"start":{"line":166,"column":19},"end":{"line":166,"column":54}},"type":"cond-expr","locations":[{"start":{"line":166,"column":27},"end":{"line":166,"column":37}},{"start":{"line":166,"column":40},"end":{"line":166,"column":54}}],"line":166},"13":{"loc":{"start":{"line":178,"column":17},"end":{"line":200,"column":17}},"type":"cond-expr","locations":[{"start":{"line":179,"column":18},"end":{"line":187,"column":24}},{"start":{"line":189,"column":18},"end":{"line":199,"column":19}}],"line":178},"14":{"loc":{"start":{"line":189,"column":18},"end":{"line":199,"column":19}},"type":"binary-expr","locations":[{"start":{"line":189,"column":18},"end":{"line":189,"column":27}},{"start":{"line":190,"column":20},"end":{"line":198,"column":26}}],"line":189},"15":{"loc":{"start":{"line":250,"column":25},"end":{"line":250,"column":45}},"type":"cond-expr","locations":[{"start":{"line":250,"column":36},"end":{"line":250,"column":39}},{"start":{"line":250,"column":42},"end":{"line":250,"column":45}}],"line":250}},"s":{"0":1,"1":1,"2":0,"3":0,"4":0,"5":0,"6":0,"7":0,"8":0,"9":0,"10":0,"11":0,"12":0,"13":0,"14":0,"15":0,"16":0,"17":0,"18":0,"19":0,"20":0,"21":0,"22":0,"23":0,"24":0,"25":0,"26":0,"27":0,"28":0,"29":0,"30":0,"31":0,"32":0,"33":0,"34":0,"35":0,"36":0,"37":0,"38":0,"39":0,"40":0,"41":0,"42":0,"43":0,"44":0,"45":0,"46":0,"47":0,"48":0,"49":0,"50":0,"51":0,"52":0,"53":0,"54":0,"55":0,"56":0,"57":0,"58":0,"59":0,"60":0,"61":0,"62":0,"63":0,"64":0,"65":0,"66":0,"67":0,"68":0,"69":0,"70":0,"71":0,"72":0,"73":0,"74":0,"75":0,"76":0,"77":0,"78":0,"79":0,"80":0,"81":0,"82":0,"83":0,"84":0,"85":0,"86":0,"87":0,"88":0,"89":0,"90":0},"f":{"0":0,"1":0,"2":0,"3":0,"4":0,"5":0,"6":0,"7":0,"8":0,"9":0,"10":0,"11":0,"12":0,"13":0,"14":0},"b":{"0":[0,0],"1":[0,0],"2":[0,0],"3":[0,0],"4":[0,0,0,0,0,0],"5":[0,0],"6":[0,0],"7":[0,0],"8":[0,0],"9":[0,0],"10":[0,0],"11":[0,0],"12":[0,0],"13":[0,0],"14":[0,0],"15":[0,0]},"_coverageSchema":"1a1c01bbd47fc00a2c39e90264f33305004495a9","hash":"aa2eb7cf9be7893aba022502647578814d8e3ecc"}
,"C:\\Users\\admin\\Downloads\\cs4218-2420-ecom-project-team01\\client\\src\\pages\\user\\Orders.js": {"path":"C:\\Users\\admin\\Downloads\\cs4218-2420-ecom-project-team01\\client\\src\\pages\\user\\Orders.js","statementMap":{"0":{"start":{"line":8,"column":15},"end":{"line":92,"column":1}},"1":{"start":{"line":9,"column":30},"end":{"line":9,"column":42}},"2":{"start":{"line":10,"column":26},"end":{"line":10,"column":35}},"3":{"start":{"line":11,"column":20},"end":{"line":18,"column":3}},"4":{"start":{"line":12,"column":4},"end":{"line":17,"column":5}},"5":{"start":{"line":13,"column":23},"end":{"line":13,"column":61}},"6":{"start":{"line":14,"column":6},"end":{"line":14,"column":22}},"7":{"start":{"line":16,"column":6},"end":{"line":16,"column":27}},"8":{"start":{"line":20,"column":2},"end":{"line":22,"column":20}},"9":{"start":{"line":21,"column":4},"end":{"line":21,"column":33}},"10":{"start":{"line":21,"column":21},"end":{"line":21,"column":33}},"11":{"start":{"line":23,"column":2},"end":{"line":91,"column":4}},"12":{"start":{"line":36,"column":14},"end":{"line":85,"column":16}},"13":{"start":{"line":66,"column":22},"end":{"line":81,"column":28}}},"fnMap":{"0":{"name":"(anonymous_0)","decl":{"start":{"line":8,"column":15},"end":{"line":8,"column":16}},"loc":{"start":{"line":8,"column":21},"end":{"line":92,"column":1}},"line":8},"1":{"name":"(anonymous_1)","decl":{"start":{"line":11,"column":20},"end":{"line":11,"column":21}},"loc":{"start":{"line":11,"column":32},"end":{"line":18,"column":3}},"line":11},"2":{"name":"(anonymous_2)","decl":{"start":{"line":20,"column":12},"end":{"line":20,"column":13}},"loc":{"start":{"line":20,"column":18},"end":{"line":22,"column":3}},"line":20},"3":{"name":"(anonymous_3)","decl":{"start":{"line":35,"column":25},"end":{"line":35,"column":26}},"loc":{"start":{"line":35,"column":35},"end":{"line":86,"column":13}},"line":35},"4":{"name":"(anonymous_4)","decl":{"start":{"line":65,"column":38},"end":{"line":65,"column":39}},"loc":{"start":{"line":66,"column":22},"end":{"line":81,"column":28}},"line":66}},"branchMap":{"0":{"loc":{"start":{"line":21,"column":4},"end":{"line":21,"column":33}},"type":"if","locations":[{"start":{"line":21,"column":4},"end":{"line":21,"column":33}},{"start":{},"end":{}}],"line":21},"1":{"loc":{"start":{"line":32,"column":13},"end":{"line":34,"column":13}},"type":"binary-expr","locations":[{"start":{"line":32,"column":13},"end":{"line":32,"column":32}},{"start":{"line":33,"column":14},"end":{"line":33,"column":61}}],"line":32},"2":{"loc":{"start":{"line":53,"column":29},"end":{"line":53,"column":62}},"type":"binary-expr","locations":[{"start":{"line":53,"column":29},"end":{"line":53,"column":43}},{"start":{"line":53,"column":47},"end":{"line":53,"column":62}}],"line":53},"3":{"loc":{"start":{"line":55,"column":27},"end":{"line":57,"column":44}},"type":"cond-expr","locations":[{"start":{"line":56,"column":30},"end":{"line":56,"column":59}},{"start":{"line":57,"column":30},"end":{"line":57,"column":44}}],"line":55},"4":{"loc":{"start":{"line":59,"column":29},"end":{"line":59,"column":71}},"type":"cond-expr","locations":[{"start":{"line":59,"column":51},"end":{"line":59,"column":60}},{"start":{"line":59,"column":63},"end":{"line":59,"column":71}}],"line":59},"5":{"loc":{"start":{"line":60,"column":29},"end":{"line":60,"column":53}},"type":"binary-expr","locations":[{"start":{"line":60,"column":29},"end":{"line":60,"column":48}},{"start":{"line":60,"column":52},"end":{"line":60,"column":53}}],"line":60},"6":{"loc":{"start":{"line":78,"column":30},"end":{"line":78,"column":81}},"type":"cond-expr","locations":[{"start":{"line":78,"column":46},"end":{"line":78,"column":76}},{"start":{"line":78,"column":79},"end":{"line":78,"column":81}}],"line":78}},"s":{"0":1,"1":0,"2":0,"3":0,"4":0,"5":0,"6":0,"7":0,"8":0,"9":0,"10":0,"11":0,"12":0,"13":0},"f":{"0":0,"1":0,"2":0,"3":0,"4":0},"b":{"0":[0,0],"1":[0,0],"2":[0,0],"3":[0,0],"4":[0,0],"5":[0,0],"6":[0,0]},"_coverageSchema":"1a1c01bbd47fc00a2c39e90264f33305004495a9","hash":"eeffc584ceb79f57aae8500aded3225ae23a1ae3"}
,"C:\\Users\\admin\\Downloads\\cs4218-2420-ecom-project-team01\\config\\db.js": {"path":"C:\\Users\\admin\\Downloads\\cs4218-2420-ecom-project-team01\\config\\db.js","statementMap":{"0":{"start":{"line":7,"column":0},"end":{"line":7,"column":16}},"1":{"start":{"line":9,"column":18},"end":{"line":23,"column":1}},"2":{"start":{"line":10,"column":2},"end":{"line":22,"column":3}},"3":{"start":{"line":12,"column":6},"end":{"line":12,"column":59}},"4":{"start":{"line":13,"column":6},"end":{"line":13,"column":29}},"5":{"start":{"line":14,"column":6},"end":{"line":14,"column":12}},"6":{"start":{"line":16,"column":6},"end":{"line":16,"column":62}},"7":{"start":{"line":17,"column":6},"end":{"line":17,"column":30}},"8":{"start":{"line":18,"column":6},"end":{"line":18,"column":12}},"9":{"start":{"line":20,"column":6},"end":{"line":20,"column":77}},"10":{"start":{"line":21,"column":6},"end":{"line":21,"column":12}},"11":{"start":{"line":25,"column":23},"end":{"line":31,"column":1}},"12":{"start":{"line":26,"column":15},"end":{"line":26,"column":60}},"13":{"start":{"line":27,"column":2},"end":{"line":30,"column":4}},"14":{"start":{"line":33,"column":24},"end":{"line":42,"column":1}},"15":{"start":{"line":34,"column":22},"end":{"line":34,"column":54}},"16":{"start":{"line":35,"column":14},"end":{"line":35,"column":34}},"17":{"start":{"line":36,"column":2},"end":{"line":36,"column":30}},"18":{"start":{"line":37,"column":2},"end":{"line":39,"column":4}},"19":{"start":{"line":41,"column":2},"end":{"line":41,"column":23}}},"fnMap":{"0":{"name":"(anonymous_0)","decl":{"start":{"line":9,"column":18},"end":{"line":9,"column":19}},"loc":{"start":{"line":9,"column":30},"end":{"line":23,"column":1}},"line":9},"1":{"name":"(anonymous_1)","decl":{"start":{"line":25,"column":23},"end":{"line":25,"column":24}},"loc":{"start":{"line":25,"column":35},"end":{"line":31,"column":1}},"line":25},"2":{"name":"(anonymous_2)","decl":{"start":{"line":33,"column":24},"end":{"line":33,"column":25}},"loc":{"start":{"line":33,"column":36},"end":{"line":42,"column":1}},"line":33}},"branchMap":{"0":{"loc":{"start":{"line":10,"column":2},"end":{"line":22,"column":3}},"type":"switch","locations":[{"start":{"line":11,"column":4},"end":{"line":14,"column":12}},{"start":{"line":15,"column":4},"end":{"line":18,"column":12}},{"start":{"line":19,"column":4},"end":{"line":21,"column":12}}],"line":10}},"s":{"0":1,"1":1,"2":1,"3":0,"4":0,"5":0,"6":1,"7":1,"8":1,"9":0,"10":0,"11":1,"12":0,"13":0,"14":1,"15":1,"16":1,"17":1,"18":1,"19":1},"f":{"0":1,"1":0,"2":1},"b":{"0":[0,1,0]},"_coverageSchema":"1a1c01bbd47fc00a2c39e90264f33305004495a9","hash":"6c33734dfb80591ce1b1fa39faa078d35efc7060"}
,"C:\\Users\\admin\\Downloads\\cs4218-2420-ecom-project-team01\\config\\populateData.js": {"path":"C:\\Users\\admin\\Downloads\\cs4218-2420-ecom-project-team01\\config\\populateData.js","statementMap":{"0":{"start":{"line":8,"column":28},"end":{"line":76,"column":1}},"1":{"start":{"line":9,"column":2},"end":{"line":75,"column":3}},"2":{"start":{"line":11,"column":4},"end":{"line":11,"column":38}},"3":{"start":{"line":13,"column":27},"end":{"line":13,"column":73}},"4":{"start":{"line":14,"column":22},"end":{"line":14,"column":73}},"5":{"start":{"line":16,"column":37},"end":{"line":21,"column":5}},"6":{"start":{"line":17,"column":37},"end":{"line":20,"column":7}},"7":{"start":{"line":24,"column":4},"end":{"line":24,"column":57}},"8":{"start":{"line":26,"column":4},"end":{"line":26,"column":37}},"9":{"start":{"line":29,"column":4},"end":{"line":29,"column":43}},"10":{"start":{"line":31,"column":31},"end":{"line":34,"column":5}},"11":{"start":{"line":35,"column":27},"end":{"line":37,"column":5}},"12":{"start":{"line":39,"column":23},"end":{"line":39,"column":69}},"13":{"start":{"line":42,"column":24},"end":{"line":45,"column":10}},"14":{"start":{"line":43,"column":6},"end":{"line":43,"column":40}},"15":{"start":{"line":44,"column":6},"end":{"line":44,"column":17}},"16":{"start":{"line":47,"column":4},"end":{"line":47,"column":42}},"17":{"start":{"line":50,"column":4},"end":{"line":50,"column":41}},"18":{"start":{"line":52,"column":30},"end":{"line":52,"column":79}},"19":{"start":{"line":53,"column":25},"end":{"line":53,"column":79}},"20":{"start":{"line":55,"column":21},"end":{"line":67,"column":7}},"21":{"start":{"line":55,"column":52},"end":{"line":67,"column":5}},"22":{"start":{"line":68,"column":4},"end":{"line":68,"column":44}},"23":{"start":{"line":70,"column":4},"end":{"line":70,"column":40}},"24":{"start":{"line":72,"column":4},"end":{"line":72,"column":60}},"25":{"start":{"line":74,"column":4},"end":{"line":74,"column":21}},"26":{"start":{"line":79,"column":22},"end":{"line":82,"column":1}},"27":{"start":{"line":80,"column":16},"end":{"line":80,"column":42}},"28":{"start":{"line":81,"column":2},"end":{"line":81,"column":34}}},"fnMap":{"0":{"name":"(anonymous_0)","decl":{"start":{"line":8,"column":28},"end":{"line":8,"column":29}},"loc":{"start":{"line":8,"column":40},"end":{"line":76,"column":1}},"line":8},"1":{"name":"(anonymous_1)","decl":{"start":{"line":17,"column":20},"end":{"line":17,"column":21}},"loc":{"start":{"line":17,"column":37},"end":{"line":20,"column":7}},"line":17},"2":{"name":"(anonymous_2)","decl":{"start":{"line":42,"column":42},"end":{"line":42,"column":43}},"loc":{"start":{"line":42,"column":61},"end":{"line":45,"column":5}},"line":42},"3":{"name":"(anonymous_3)","decl":{"start":{"line":55,"column":38},"end":{"line":55,"column":39}},"loc":{"start":{"line":55,"column":52},"end":{"line":67,"column":5}},"line":55},"4":{"name":"(anonymous_4)","decl":{"start":{"line":79,"column":22},"end":{"line":79,"column":23}},"loc":{"start":{"line":79,"column":37},"end":{"line":82,"column":1}},"line":79}},"branchMap":{},"s":{"0":1,"1":1,"2":1,"3":1,"4":1,"5":1,"6":2,"7":1,"8":1,"9":1,"10":1,"11":1,"12":1,"13":1,"14":3,"15":3,"16":1,"17":1,"18":1,"19":1,"20":1,"21":4,"22":1,"23":1,"24":1,"25":0,"26":1,"27":4,"28":4},"f":{"0":1,"1":2,"2":3,"3":4,"4":4},"b":{},"_coverageSchema":"1a1c01bbd47fc00a2c39e90264f33305004495a9","hash":"cbabcca08d3b724c25f320a38fee555d1e776d43"}
,"C:\\Users\\admin\\Downloads\\cs4218-2420-ecom-project-team01\\controllers\\authController.js": {"path":"C:\\Users\\admin\\Downloads\\cs4218-2420-ecom-project-team01\\controllers\\authController.js","statementMap":{"0":{"start":{"line":7,"column":34},"end":{"line":67,"column":1}},"1":{"start":{"line":8,"column":2},"end":{"line":66,"column":3}},"2":{"start":{"line":9,"column":62},"end":{"line":9,"column":70}},"3":{"start":{"line":11,"column":4},"end":{"line":13,"column":5}},"4":{"start":{"line":12,"column":6},"end":{"line":12,"column":55}},"5":{"start":{"line":14,"column":4},"end":{"line":16,"column":5}},"6":{"start":{"line":15,"column":6},"end":{"line":15,"column":56}},"7":{"start":{"line":17,"column":23},"end":{"line":17,"column":51}},"8":{"start":{"line":18,"column":4},"end":{"line":20,"column":5}},"9":{"start":{"line":19,"column":6},"end":{"line":19,"column":62}},"10":{"start":{"line":21,"column":4},"end":{"line":23,"column":5}},"11":{"start":{"line":22,"column":6},"end":{"line":22,"column":59}},"12":{"start":{"line":24,"column":4},"end":{"line":26,"column":5}},"13":{"start":{"line":25,"column":6},"end":{"line":25,"column":63}},"14":{"start":{"line":27,"column":4},"end":{"line":29,"column":5}},"15":{"start":{"line":28,"column":6},"end":{"line":28,"column":58}},"16":{"start":{"line":30,"column":4},"end":{"line":32,"column":5}},"17":{"start":{"line":31,"column":6},"end":{"line":31,"column":57}},"18":{"start":{"line":34,"column":26},"end":{"line":34,"column":60}},"19":{"start":{"line":36,"column":4},"end":{"line":41,"column":5}},"20":{"start":{"line":37,"column":6},"end":{"line":40,"column":9}},"21":{"start":{"line":43,"column":27},"end":{"line":43,"column":55}},"22":{"start":{"line":45,"column":17},"end":{"line":52,"column":13}},"23":{"start":{"line":54,"column":4},"end":{"line":58,"column":7}},"24":{"start":{"line":60,"column":4},"end":{"line":60,"column":25}},"25":{"start":{"line":61,"column":4},"end":{"line":65,"column":7}},"26":{"start":{"line":70,"column":31},"end":{"line":120,"column":1}},"27":{"start":{"line":71,"column":2},"end":{"line":119,"column":3}},"28":{"start":{"line":72,"column":32},"end":{"line":72,"column":40}},"29":{"start":{"line":74,"column":4},"end":{"line":79,"column":5}},"30":{"start":{"line":75,"column":6},"end":{"line":78,"column":9}},"31":{"start":{"line":81,"column":17},"end":{"line":81,"column":51}},"32":{"start":{"line":82,"column":4},"end":{"line":87,"column":5}},"33":{"start":{"line":83,"column":6},"end":{"line":86,"column":9}},"34":{"start":{"line":88,"column":18},"end":{"line":88,"column":64}},"35":{"start":{"line":89,"column":4},"end":{"line":94,"column":5}},"36":{"start":{"line":90,"column":6},"end":{"line":93,"column":9}},"37":{"start":{"line":96,"column":18},"end":{"line":98,"column":6}},"38":{"start":{"line":99,"column":4},"end":{"line":111,"column":7}},"39":{"start":{"line":113,"column":4},"end":{"line":113,"column":25}},"40":{"start":{"line":114,"column":4},"end":{"line":118,"column":7}},"41":{"start":{"line":124,"column":40},"end":{"line":159,"column":1}},"42":{"start":{"line":125,"column":2},"end":{"line":158,"column":3}},"43":{"start":{"line":126,"column":43},"end":{"line":126,"column":51}},"44":{"start":{"line":127,"column":4},"end":{"line":129,"column":5}},"45":{"start":{"line":128,"column":6},"end":{"line":128,"column":61}},"46":{"start":{"line":130,"column":4},"end":{"line":132,"column":5}},"47":{"start":{"line":131,"column":6},"end":{"line":131,"column":62}},"48":{"start":{"line":133,"column":4},"end":{"line":135,"column":5}},"49":{"start":{"line":134,"column":6},"end":{"line":134,"column":68}},"50":{"start":{"line":137,"column":17},"end":{"line":137,"column":59}},"51":{"start":{"line":139,"column":4},"end":{"line":144,"column":5}},"52":{"start":{"line":140,"column":6},"end":{"line":143,"column":9}},"53":{"start":{"line":145,"column":19},"end":{"line":145,"column":50}},"54":{"start":{"line":146,"column":4},"end":{"line":146,"column":70}},"55":{"start":{"line":147,"column":4},"end":{"line":150,"column":7}},"56":{"start":{"line":152,"column":4},"end":{"line":152,"column":25}},"57":{"start":{"line":153,"column":4},"end":{"line":157,"column":7}},"58":{"start":{"line":162,"column":30},"end":{"line":169,"column":1}},"59":{"start":{"line":163,"column":2},"end":{"line":168,"column":3}},"60":{"start":{"line":164,"column":4},"end":{"line":164,"column":33}},"61":{"start":{"line":166,"column":4},"end":{"line":166,"column":25}},"62":{"start":{"line":167,"column":4},"end":{"line":167,"column":24}},"63":{"start":{"line":172,"column":39},"end":{"line":204,"column":1}},"64":{"start":{"line":173,"column":2},"end":{"line":203,"column":3}},"65":{"start":{"line":174,"column":54},"end":{"line":174,"column":62}},"66":{"start":{"line":175,"column":17},"end":{"line":175,"column":55}},"67":{"start":{"line":177,"column":4},"end":{"line":179,"column":5}},"68":{"start":{"line":178,"column":6},"end":{"line":178,"column":90}},"69":{"start":{"line":180,"column":27},"end":{"line":180,"column":78}},"70":{"start":{"line":181,"column":24},"end":{"line":190,"column":5}},"71":{"start":{"line":191,"column":4},"end":{"line":195,"column":7}},"72":{"start":{"line":197,"column":4},"end":{"line":197,"column":25}},"73":{"start":{"line":198,"column":4},"end":{"line":202,"column":7}},"74":{"start":{"line":207,"column":35},"end":{"line":222,"column":1}},"75":{"start":{"line":208,"column":2},"end":{"line":221,"column":3}},"76":{"start":{"line":209,"column":19},"end":{"line":212,"column":32}},"77":{"start":{"line":213,"column":4},"end":{"line":213,"column":21}},"78":{"start":{"line":215,"column":4},"end":{"line":215,"column":25}},"79":{"start":{"line":216,"column":4},"end":{"line":220,"column":7}},"80":{"start":{"line":225,"column":38},"end":{"line":241,"column":1}},"81":{"start":{"line":226,"column":2},"end":{"line":240,"column":3}},"82":{"start":{"line":227,"column":19},"end":{"line":231,"column":30}},"83":{"start":{"line":232,"column":4},"end":{"line":232,"column":21}},"84":{"start":{"line":234,"column":4},"end":{"line":234,"column":25}},"85":{"start":{"line":235,"column":4},"end":{"line":239,"column":7}},"86":{"start":{"line":244,"column":37},"end":{"line":262,"column":1}},"87":{"start":{"line":245,"column":2},"end":{"line":261,"column":3}},"88":{"start":{"line":246,"column":24},"end":{"line":246,"column":34}},"89":{"start":{"line":247,"column":23},"end":{"line":247,"column":31}},"90":{"start":{"line":248,"column":19},"end":{"line":252,"column":5}},"91":{"start":{"line":253,"column":4},"end":{"line":253,"column":21}},"92":{"start":{"line":255,"column":4},"end":{"line":255,"column":25}},"93":{"start":{"line":256,"column":4},"end":{"line":260,"column":7}}},"fnMap":{"0":{"name":"(anonymous_0)","decl":{"start":{"line":7,"column":34},"end":{"line":7,"column":35}},"loc":{"start":{"line":7,"column":54},"end":{"line":67,"column":1}},"line":7},"1":{"name":"(anonymous_1)","decl":{"start":{"line":70,"column":31},"end":{"line":70,"column":32}},"loc":{"start":{"line":70,"column":51},"end":{"line":120,"column":1}},"line":70},"2":{"name":"(anonymous_2)","decl":{"start":{"line":124,"column":40},"end":{"line":124,"column":41}},"loc":{"start":{"line":124,"column":60},"end":{"line":159,"column":1}},"line":124},"3":{"name":"(anonymous_3)","decl":{"start":{"line":162,"column":30},"end":{"line":162,"column":31}},"loc":{"start":{"line":162,"column":44},"end":{"line":169,"column":1}},"line":162},"4":{"name":"(anonymous_4)","decl":{"start":{"line":172,"column":39},"end":{"line":172,"column":40}},"loc":{"start":{"line":172,"column":59},"end":{"line":204,"column":1}},"line":172},"5":{"name":"(anonymous_5)","decl":{"start":{"line":207,"column":35},"end":{"line":207,"column":36}},"loc":{"start":{"line":207,"column":55},"end":{"line":222,"column":1}},"line":207},"6":{"name":"(anonymous_6)","decl":{"start":{"line":225,"column":38},"end":{"line":225,"column":39}},"loc":{"start":{"line":225,"column":58},"end":{"line":241,"column":1}},"line":225},"7":{"name":"(anonymous_7)","decl":{"start":{"line":244,"column":37},"end":{"line":244,"column":38}},"loc":{"start":{"line":244,"column":57},"end":{"line":262,"column":1}},"line":244}},"branchMap":{"0":{"loc":{"start":{"line":11,"column":4},"end":{"line":13,"column":5}},"type":"if","locations":[{"start":{"line":11,"column":4},"end":{"line":13,"column":5}},{"start":{},"end":{}}],"line":11},"1":{"loc":{"start":{"line":14,"column":4},"end":{"line":16,"column":5}},"type":"if","locations":[{"start":{"line":14,"column":4},"end":{"line":16,"column":5}},{"start":{},"end":{}}],"line":14},"2":{"loc":{"start":{"line":18,"column":4},"end":{"line":20,"column":5}},"type":"if","locations":[{"start":{"line":18,"column":4},"end":{"line":20,"column":5}},{"start":{},"end":{}}],"line":18},"3":{"loc":{"start":{"line":21,"column":4},"end":{"line":23,"column":5}},"type":"if","locations":[{"start":{"line":21,"column":4},"end":{"line":23,"column":5}},{"start":{},"end":{}}],"line":21},"4":{"loc":{"start":{"line":24,"column":4},"end":{"line":26,"column":5}},"type":"if","locations":[{"start":{"line":24,"column":4},"end":{"line":26,"column":5}},{"start":{},"end":{}}],"line":24},"5":{"loc":{"start":{"line":27,"column":4},"end":{"line":29,"column":5}},"type":"if","locations":[{"start":{"line":27,"column":4},"end":{"line":29,"column":5}},{"start":{},"end":{}}],"line":27},"6":{"loc":{"start":{"line":30,"column":4},"end":{"line":32,"column":5}},"type":"if","locations":[{"start":{"line":30,"column":4},"end":{"line":32,"column":5}},{"start":{},"end":{}}],"line":30},"7":{"loc":{"start":{"line":36,"column":4},"end":{"line":41,"column":5}},"type":"if","locations":[{"start":{"line":36,"column":4},"end":{"line":41,"column":5}},{"start":{},"end":{}}],"line":36},"8":{"loc":{"start":{"line":74,"column":4},"end":{"line":79,"column":5}},"type":"if","locations":[{"start":{"line":74,"column":4},"end":{"line":79,"column":5}},{"start":{},"end":{}}],"line":74},"9":{"loc":{"start":{"line":74,"column":8},"end":{"line":74,"column":27}},"type":"binary-expr","locations":[{"start":{"line":74,"column":8},"end":{"line":74,"column":14}},{"start":{"line":74,"column":18},"end":{"line":74,"column":27}}],"line":74},"10":{"loc":{"start":{"line":82,"column":4},"end":{"line":87,"column":5}},"type":"if","locations":[{"start":{"line":82,"column":4},"end":{"line":87,"column":5}},{"start":{},"end":{}}],"line":82},"11":{"loc":{"start":{"line":89,"column":4},"end":{"line":94,"column":5}},"type":"if","locations":[{"start":{"line":89,"column":4},"end":{"line":94,"column":5}},{"start":{},"end":{}}],"line":89},"12":{"loc":{"start":{"line":127,"column":4},"end":{"line":129,"column":5}},"type":"if","locations":[{"start":{"line":127,"column":4},"end":{"line":129,"column":5}},{"start":{},"end":{}}],"line":127},"13":{"loc":{"start":{"line":130,"column":4},"end":{"line":132,"column":5}},"type":"if","locations":[{"start":{"line":130,"column":4},"end":{"line":132,"column":5}},{"start":{},"end":{}}],"line":130},"14":{"loc":{"start":{"line":133,"column":4},"end":{"line":135,"column":5}},"type":"if","locations":[{"start":{"line":133,"column":4},"end":{"line":135,"column":5}},{"start":{},"end":{}}],"line":133},"15":{"loc":{"start":{"line":139,"column":4},"end":{"line":144,"column":5}},"type":"if","locations":[{"start":{"line":139,"column":4},"end":{"line":144,"column":5}},{"start":{},"end":{}}],"line":139},"16":{"loc":{"start":{"line":177,"column":4},"end":{"line":179,"column":5}},"type":"if","locations":[{"start":{"line":177,"column":4},"end":{"line":179,"column":5}},{"start":{},"end":{}}],"line":177},"17":{"loc":{"start":{"line":177,"column":8},"end":{"line":177,"column":39}},"type":"binary-expr","locations":[{"start":{"line":177,"column":8},"end":{"line":177,"column":16}},{"start":{"line":177,"column":20},"end":{"line":177,"column":39}}],"line":177},"18":{"loc":{"start":{"line":180,"column":27},"end":{"line":180,"column":78}},"type":"cond-expr","locations":[{"start":{"line":180,"column":38},"end":{"line":180,"column":66}},{"start":{"line":180,"column":69},"end":{"line":180,"column":78}}],"line":180},"19":{"loc":{"start":{"line":184,"column":14},"end":{"line":184,"column":31}},"type":"binary-expr","locations":[{"start":{"line":184,"column":14},"end":{"line":184,"column":18}},{"start":{"line":184,"column":22},"end":{"line":184,"column":31}}],"line":184},"20":{"loc":{"start":{"line":185,"column":18},"end":{"line":185,"column":49}},"type":"binary-expr","locations":[{"start":{"line":185,"column":18},"end":{"line":185,"column":32}},{"start":{"line":185,"column":36},"end":{"line":185,"column":49}}],"line":185},"21":{"loc":{"start":{"line":186,"column":15},"end":{"line":186,"column":34}},"type":"binary-expr","locations":[{"start":{"line":186,"column":15},"end":{"line":186,"column":20}},{"start":{"line":186,"column":24},"end":{"line":186,"column":34}}],"line":186},"22":{"loc":{"start":{"line":187,"column":17},"end":{"line":187,"column":40}},"type":"binary-expr","locations":[{"start":{"line":187,"column":17},"end":{"line":187,"column":24}},{"start":{"line":187,"column":28},"end":{"line":187,"column":40}}],"line":187}},"s":{"0":1,"1":10,"2":10,"3":10,"4":1,"5":9,"6":1,"7":8,"8":8,"9":1,"10":7,"11":1,"12":6,"13":1,"14":5,"15":1,"16":4,"17":1,"18":3,"19":2,"20":1,"21":1,"22":1,"23":1,"24":1,"25":1,"26":1,"27":5,"28":5,"29":5,"30":1,"31":4,"32":3,"33":1,"34":2,"35":2,"36":1,"37":1,"38":1,"39":1,"40":1,"41":1,"42":4,"43":4,"44":4,"45":1,"46":4,"47":1,"48":4,"49":1,"50":4,"51":3,"52":2,"53":1,"54":1,"55":1,"56":1,"57":1,"58":1,"59":2,"60":2,"61":1,"62":1,"63":1,"64":5,"65":5,"66":5,"67":4,"68":1,"69":3,"70":3,"71":3,"72":1,"73":1,"74":1,"75":3,"76":3,"77":2,"78":1,"79":1,"80":1,"81":3,"82":3,"83":2,"84":1,"85":1,"86":1,"87":3,"88":3,"89":3,"90":3,"91":2,"92":1,"93":1},"f":{"0":10,"1":5,"2":4,"3":2,"4":5,"5":3,"6":3,"7":3},"b":{"0":[1,9],"1":[1,8],"2":[1,7],"3":[1,6],"4":[1,5],"5":[1,4],"6":[1,3],"7":[1,1],"8":[1,4],"9":[5,4],"10":[1,2],"11":[1,1],"12":[1,3],"13":[1,3],"14":[1,3],"15":[2,1],"16":[1,3],"17":[4,2],"18":[1,2],"19":[3,1],"20":[3,2],"21":[3,1],"22":[3,1]},"_coverageSchema":"1a1c01bbd47fc00a2c39e90264f33305004495a9","hash":"ee4f15cd8b170ce32d68c185400a11696f1da1e9"}
,"C:\\Users\\admin\\Downloads\\cs4218-2420-ecom-project-team01\\controllers\\categoryController.js": {"path":"C:\\Users\\admin\\Downloads\\cs4218-2420-ecom-project-team01\\controllers\\categoryController.js","statementMap":{"0":{"start":{"line":3,"column":40},"end":{"line":33,"column":1}},"1":{"start":{"line":4,"column":2},"end":{"line":32,"column":3}},"2":{"start":{"line":5,"column":21},"end":{"line":5,"column":29}},"3":{"start":{"line":6,"column":4},"end":{"line":8,"column":5}},"4":{"start":{"line":7,"column":6},"end":{"line":7,"column":67}},"5":{"start":{"line":9,"column":29},"end":{"line":9,"column":66}},"6":{"start":{"line":10,"column":4},"end":{"line":15,"column":5}},"7":{"start":{"line":11,"column":6},"end":{"line":14,"column":9}},"8":{"start":{"line":16,"column":21},"end":{"line":19,"column":13}},"9":{"start":{"line":20,"column":4},"end":{"line":24,"column":7}},"10":{"start":{"line":26,"column":4},"end":{"line":26,"column":23}},"11":{"start":{"line":27,"column":4},"end":{"line":31,"column":7}},"12":{"start":{"line":36,"column":40},"end":{"line":58,"column":1}},"13":{"start":{"line":37,"column":2},"end":{"line":57,"column":3}},"14":{"start":{"line":38,"column":21},"end":{"line":38,"column":29}},"15":{"start":{"line":39,"column":19},"end":{"line":39,"column":29}},"16":{"start":{"line":40,"column":21},"end":{"line":44,"column":5}},"17":{"start":{"line":45,"column":4},"end":{"line":49,"column":7}},"18":{"start":{"line":51,"column":4},"end":{"line":51,"column":23}},"19":{"start":{"line":52,"column":4},"end":{"line":56,"column":7}},"20":{"start":{"line":61,"column":34},"end":{"line":77,"column":1}},"21":{"start":{"line":62,"column":2},"end":{"line":76,"column":3}},"22":{"start":{"line":63,"column":21},"end":{"line":63,"column":49}},"23":{"start":{"line":64,"column":4},"end":{"line":68,"column":7}},"24":{"start":{"line":70,"column":4},"end":{"line":70,"column":23}},"25":{"start":{"line":71,"column":4},"end":{"line":75,"column":7}},"26":{"start":{"line":80,"column":40},"end":{"line":96,"column":1}},"27":{"start":{"line":81,"column":2},"end":{"line":95,"column":3}},"28":{"start":{"line":82,"column":21},"end":{"line":82,"column":75}},"29":{"start":{"line":83,"column":4},"end":{"line":87,"column":7}},"30":{"start":{"line":89,"column":4},"end":{"line":89,"column":23}},"31":{"start":{"line":90,"column":4},"end":{"line":94,"column":7}},"32":{"start":{"line":99,"column":40},"end":{"line":115,"column":1}},"33":{"start":{"line":100,"column":2},"end":{"line":114,"column":3}},"34":{"start":{"line":101,"column":19},"end":{"line":101,"column":29}},"35":{"start":{"line":102,"column":4},"end":{"line":102,"column":46}},"36":{"start":{"line":103,"column":4},"end":{"line":106,"column":7}},"37":{"start":{"line":108,"column":4},"end":{"line":108,"column":23}},"38":{"start":{"line":109,"column":4},"end":{"line":113,"column":7}}},"fnMap":{"0":{"name":"(anonymous_0)","decl":{"start":{"line":3,"column":40},"end":{"line":3,"column":41}},"loc":{"start":{"line":3,"column":60},"end":{"line":33,"column":1}},"line":3},"1":{"name":"(anonymous_1)","decl":{"start":{"line":36,"column":40},"end":{"line":36,"column":41}},"loc":{"start":{"line":36,"column":60},"end":{"line":58,"column":1}},"line":36},"2":{"name":"(anonymous_2)","decl":{"start":{"line":61,"column":34},"end":{"line":61,"column":35}},"loc":{"start":{"line":61,"column":54},"end":{"line":77,"column":1}},"line":61},"3":{"name":"(anonymous_3)","decl":{"start":{"line":80,"column":40},"end":{"line":80,"column":41}},"loc":{"start":{"line":80,"column":60},"end":{"line":96,"column":1}},"line":80},"4":{"name":"(anonymous_4)","decl":{"start":{"line":99,"column":40},"end":{"line":99,"column":41}},"loc":{"start":{"line":99,"column":60},"end":{"line":115,"column":1}},"line":99}},"branchMap":{"0":{"loc":{"start":{"line":6,"column":4},"end":{"line":8,"column":5}},"type":"if","locations":[{"start":{"line":6,"column":4},"end":{"line":8,"column":5}},{"start":{},"end":{}}],"line":6},"1":{"loc":{"start":{"line":10,"column":4},"end":{"line":15,"column":5}},"type":"if","locations":[{"start":{"line":10,"column":4},"end":{"line":15,"column":5}},{"start":{},"end":{}}],"line":10}},"s":{"0":2,"1":17,"2":17,"3":17,"4":2,"5":15,"6":13,"7":3,"8":10,"9":9,"10":3,"11":3,"12":2,"13":7,"14":7,"15":7,"16":7,"17":3,"18":4,"19":4,"20":2,"21":7,"22":7,"23":5,"24":2,"25":2,"26":2,"27":6,"28":6,"29":4,"30":2,"31":2,"32":2,"33":5,"34":5,"35":5,"36":2,"37":3,"38":3},"f":{"0":17,"1":7,"2":7,"3":6,"4":5},"b":{"0":[2,15],"1":[3,10]},"_coverageSchema":"1a1c01bbd47fc00a2c39e90264f33305004495a9","hash":"71f4c9052ef7d09823d716a6bf651035f98a8f68"}
,"C:\\Users\\admin\\Downloads\\cs4218-2420-ecom-project-team01\\controllers\\productController.js": {"path":"C:\\Users\\admin\\Downloads\\cs4218-2420-ecom-project-team01\\controllers\\productController.js","statementMap":{"0":{"start":{"line":10,"column":0},"end":{"line":10,"column":16}},"1":{"start":{"line":13,"column":16},"end":{"line":18,"column":2}},"2":{"start":{"line":20,"column":39},"end":{"line":68,"column":1}},"3":{"start":{"line":21,"column":2},"end":{"line":67,"column":3}},"4":{"start":{"line":23,"column":6},"end":{"line":23,"column":16}},"5":{"start":{"line":24,"column":22},"end":{"line":24,"column":31}},"6":{"start":{"line":26,"column":4},"end":{"line":47,"column":5}},"7":{"start":{"line":28,"column":8},"end":{"line":28,"column":67}},"8":{"start":{"line":30,"column":8},"end":{"line":30,"column":74}},"9":{"start":{"line":32,"column":8},"end":{"line":32,"column":68}},"10":{"start":{"line":34,"column":8},"end":{"line":34,"column":75}},"11":{"start":{"line":36,"column":8},"end":{"line":36,"column":71}},"12":{"start":{"line":38,"column":8},"end":{"line":38,"column":71}},"13":{"start":{"line":40,"column":8},"end":{"line":40,"column":78}},"14":{"start":{"line":42,"column":8},"end":{"line":42,"column":71}},"15":{"start":{"line":44,"column":8},"end":{"line":44,"column":68}},"16":{"start":{"line":46,"column":8},"end":{"line":46,"column":80}},"17":{"start":{"line":49,"column":21},"end":{"line":49,"column":77}},"18":{"start":{"line":51,"column":4},"end":{"line":51,"column":54}},"19":{"start":{"line":52,"column":4},"end":{"line":52,"column":44}},"20":{"start":{"line":54,"column":4},"end":{"line":54,"column":26}},"21":{"start":{"line":55,"column":4},"end":{"line":59,"column":7}},"22":{"start":{"line":61,"column":4},"end":{"line":61,"column":23}},"23":{"start":{"line":62,"column":4},"end":{"line":66,"column":7}},"24":{"start":{"line":71,"column":36},"end":{"line":93,"column":1}},"25":{"start":{"line":72,"column":2},"end":{"line":92,"column":3}},"26":{"start":{"line":73,"column":21},"end":{"line":78,"column":30}},"27":{"start":{"line":79,"column":4},"end":{"line":84,"column":7}},"28":{"start":{"line":86,"column":4},"end":{"line":86,"column":23}},"29":{"start":{"line":87,"column":4},"end":{"line":91,"column":7}},"30":{"start":{"line":95,"column":42},"end":{"line":121,"column":1}},"31":{"start":{"line":96,"column":2},"end":{"line":120,"column":3}},"32":{"start":{"line":97,"column":20},"end":{"line":100,"column":28}},"33":{"start":{"line":102,"column":4},"end":{"line":107,"column":5}},"34":{"start":{"line":103,"column":6},"end":{"line":106,"column":9}},"35":{"start":{"line":108,"column":4},"end":{"line":112,"column":7}},"36":{"start":{"line":114,"column":4},"end":{"line":114,"column":23}},"37":{"start":{"line":115,"column":4},"end":{"line":119,"column":7}},"38":{"start":{"line":124,"column":38},"end":{"line":156,"column":1}},"39":{"start":{"line":125,"column":2},"end":{"line":155,"column":3}},"40":{"start":{"line":126,"column":20},"end":{"line":128,"column":23}},"41":{"start":{"line":131,"column":4},"end":{"line":136,"column":5}},"42":{"start":{"line":132,"column":6},"end":{"line":135,"column":9}},"43":{"start":{"line":139,"column":4},"end":{"line":144,"column":5}},"44":{"start":{"line":140,"column":6},"end":{"line":143,"column":9}},"45":{"start":{"line":146,"column":4},"end":{"line":146,"column":55}},"46":{"start":{"line":147,"column":4},"end":{"line":147,"column":52}},"47":{"start":{"line":149,"column":4},"end":{"line":149,"column":23}},"48":{"start":{"line":150,"column":4},"end":{"line":154,"column":7}},"49":{"start":{"line":159,"column":39},"end":{"line":174,"column":1}},"50":{"start":{"line":160,"column":2},"end":{"line":173,"column":3}},"51":{"start":{"line":161,"column":4},"end":{"line":161,"column":75}},"52":{"start":{"line":162,"column":4},"end":{"line":165,"column":7}},"53":{"start":{"line":167,"column":4},"end":{"line":167,"column":23}},"54":{"start":{"line":168,"column":4},"end":{"line":172,"column":7}},"55":{"start":{"line":177,"column":39},"end":{"line":233,"column":1}},"56":{"start":{"line":178,"column":2},"end":{"line":232,"column":3}},"57":{"start":{"line":180,"column":6},"end":{"line":180,"column":16}},"58":{"start":{"line":181,"column":22},"end":{"line":181,"column":31}},"59":{"start":{"line":183,"column":4},"end":{"line":200,"column":5}},"60":{"start":{"line":185,"column":8},"end":{"line":185,"column":67}},"61":{"start":{"line":187,"column":8},"end":{"line":187,"column":74}},"62":{"start":{"line":189,"column":8},"end":{"line":189,"column":68}},"63":{"start":{"line":191,"column":8},"end":{"line":191,"column":71}},"64":{"start":{"line":193,"column":8},"end":{"line":193,"column":71}},"65":{"start":{"line":195,"column":8},"end":{"line":195,"column":71}},"66":{"start":{"line":197,"column":8},"end":{"line":199,"column":76}},"67":{"start":{"line":202,"column":21},"end":{"line":206,"column":5}},"68":{"start":{"line":208,"column":4},"end":{"line":212,"column":5}},"69":{"start":{"line":209,"column":6},"end":{"line":211,"column":64}},"70":{"start":{"line":214,"column":4},"end":{"line":217,"column":5}},"71":{"start":{"line":215,"column":6},"end":{"line":215,"column":56}},"72":{"start":{"line":216,"column":6},"end":{"line":216,"column":46}},"73":{"start":{"line":219,"column":4},"end":{"line":219,"column":26}},"74":{"start":{"line":220,"column":4},"end":{"line":224,"column":7}},"75":{"start":{"line":226,"column":4},"end":{"line":226,"column":23}},"76":{"start":{"line":227,"column":4},"end":{"line":2
[...]
olumn":27}},{"start":{"line":194,"column":31},"end":{"line":194,"column":46}}],"line":194},"9":{"loc":{"start":{"line":196,"column":11},"end":{"line":196,"column":40}},"type":"binary-expr","locations":[{"start":{"line":196,"column":11},"end":{"line":196,"column":16}},{"start":{"line":196,"column":20},"end":{"line":196,"column":40}}],"line":196},"10":{"loc":{"start":{"line":208,"column":4},"end":{"line":212,"column":5}},"type":"if","locations":[{"start":{"line":208,"column":4},"end":{"line":212,"column":5}},{"start":{},"end":{}}],"line":208},"11":{"loc":{"start":{"line":214,"column":4},"end":{"line":217,"column":5}},"type":"if","locations":[{"start":{"line":214,"column":4},"end":{"line":217,"column":5}},{"start":{},"end":{}}],"line":214},"12":{"loc":{"start":{"line":240,"column":4},"end":{"line":240,"column":49}},"type":"if","locations":[{"start":{"line":240,"column":4},"end":{"line":240,"column":49}},{"start":{},"end":{}}],"line":240},"13":{"loc":{"start":{"line":241,"column":4},"end":{"line":246,"column":5}},"type":"if","locations":[{"start":{"line":241,"column":4},"end":{"line":246,"column":5}},{"start":{},"end":{}}],"line":241},"14":{"loc":{"start":{"line":243,"column":6},"end":{"line":245,"column":7}},"type":"if","locations":[{"start":{"line":243,"column":6},"end":{"line":245,"column":7}},{"start":{},"end":{}}],"line":243},"15":{"loc":{"start":{"line":285,"column":17},"end":{"line":285,"column":58}},"type":"cond-expr","locations":[{"start":{"line":285,"column":39},"end":{"line":285,"column":54}},{"start":{"line":285,"column":57},"end":{"line":285,"column":58}}],"line":285},"16":{"loc":{"start":{"line":334,"column":4},"end":{"line":338,"column":5}},"type":"if","locations":[{"start":{"line":334,"column":4},"end":{"line":338,"column":5}},{"start":{},"end":{}}],"line":334},"17":{"loc":{"start":{"line":339,"column":4},"end":{"line":343,"column":5}},"type":"if","locations":[{"start":{"line":339,"column":4},"end":{"line":343,"column":5}},{"start":{},"end":{}}],"line":339},"18":{"loc":{"start":{"line":391,"column":6},"end":{"line":395,"column":7}},"type":"if","locations":[{"start":{"line":391,"column":6},"end":{"line":395,"column":7}},{"start":{"line":393,"column":13},"end":{"line":395,"column":7}}],"line":391},"19":{"loc":{"start":{"line":406,"column":4},"end":{"line":408,"column":5}},"type":"if","locations":[{"start":{"line":406,"column":4},"end":{"line":408,"column":5}},{"start":{},"end":{}}],"line":406},"20":{"loc":{"start":{"line":409,"column":4},"end":{"line":411,"column":5}},"type":"if","locations":[{"start":{"line":409,"column":4},"end":{"line":411,"column":5}},{"start":{},"end":{}}],"line":409},"21":{"loc":{"start":{"line":409,"column":8},"end":{"line":409,"column":34}},"type":"binary-expr","locations":[{"start":{"line":409,"column":8},"end":{"line":409,"column":13}},{"start":{"line":409,"column":17},"end":{"line":409,"column":34}}],"line":409},"22":{"loc":{"start":{"line":412,"column":4},"end":{"line":414,"column":5}},"type":"if","locations":[{"start":{"line":412,"column":4},"end":{"line":414,"column":5}},{"start":{},"end":{}}],"line":412},"23":{"loc":{"start":{"line":428,"column":8},"end":{"line":437,"column":9}},"type":"if","locations":[{"start":{"line":428,"column":8},"end":{"line":437,"column":9}},{"start":{"line":435,"column":15},"end":{"line":437,"column":9}}],"line":428}},"s":{"0":2,"1":2,"2":2,"3":14,"4":14,"5":14,"6":14,"7":1,"8":1,"9":1,"10":1,"11":1,"12":1,"13":1,"14":1,"15":1,"16":1,"17":4,"18":3,"19":3,"20":3,"21":2,"22":2,"23":2,"24":2,"25":5,"26":5,"27":3,"28":2,"29":2,"30":2,"31":6,"32":6,"33":4,"34":2,"35":2,"36":2,"37":2,"38":2,"39":7,"40":7,"41":5,"42":2,"43":3,"44":1,"45":2,"46":2,"47":2,"48":2,"49":2,"50":4,"51":4,"52":2,"53":2,"54":2,"55":2,"56":13,"57":13,"58":13,"59":13,"60":1,"61":1,"62":1,"63":1,"64":1,"65":1,"66":1,"67":6,"68":4,"69":1,"70":3,"71":1,"72":1,"73":3,"74":3,"75":2,"76":2,"77":2,"78":11,"79":11,"80":11,"81":11,"82":6,"83":11,"84":7,"85":7,"86":6,"87":11,"88":9,"89":2,"90":2,"91":2,"92":4,"93":4,"94":2,"95":2,"96":2,"97":2,"98":6,"99":6,"100":6,"101":6,"102":4,"103":2,"104":2,"105":2,"106":7,"107":7,"108":7,"109":7,"110":5,"111":2,"112":2,"113":2,"114":7,"115":7,"116":7,"117":1,"118":6,"119":1,"120":5,"121":3,"122":2,"123":2,"124":2,"125":7,"126":7,"127":7,"128":5,"129":2,"130":2,"131":2,"132":3,"133":3,"134":2,"135":1,"136":1,"137":1,"138":2,"139":6,"140":6,"141":6,"142":1,"143":5,"144":1,"145":4,"146":1,"147":3,"148":3,"149":6,"150":3,"151":2,"152":1,"153":1,"154":1,"155":1},"f":{"0":14,"1":5,"2":6,"3":7,"4":4,"5":13,"6":11,"7":4,"8":6,"9":7,"10":7,"11":7,"12":3,"13":2,"14":6,"15":6,"16":2},"b":{"0":[1,1,1,1,1,1,1,1,1,1],"1":[12,11],"2":[9,8],"3":[7,6],"4":[2,2],"5":[2,3],"6":[1,2],"7":[1,1,1,1,1,1,1],"8":[8,7],"9":[7,4],"10":[1,3],"11":[1,2],"12":[6,5],"13":[7,4],"14":[6,1],"15":[5,1],"16":[1,6],"17":[1,5],"18":[1,1],"19":[1,5],"20":[1,4],"21":[5,4],"22":[1,3],"23":[1,1]},"_coverageSchema":"1a1c01bbd47fc00a2c39e90264f33305004495a9","hash":"20a8d3195ae78184d8a0770609cce15ef450925b"}
,"C:\\Users\\admin\\Downloads\\cs4218-2420-ecom-project-team01\\helpers\\authHelper.js": {"path":"C:\\Users\\admin\\Downloads\\cs4218-2420-ecom-project-team01\\helpers\\authHelper.js","statementMap":{"0":{"start":{"line":3,"column":28},"end":{"line":27,"column":1}},"1":{"start":{"line":5,"column":4},"end":{"line":7,"column":5}},"2":{"start":{"line":6,"column":8},"end":{"line":6,"column":82}},"3":{"start":{"line":10,"column":25},"end":{"line":10,"column":40}},"4":{"start":{"line":11,"column":4},"end":{"line":13,"column":5}},"5":{"start":{"line":12,"column":8},"end":{"line":12,"column":63}},"6":{"start":{"line":16,"column":27},"end":{"line":16,"column":43}},"7":{"start":{"line":18,"column":4},"end":{"line":26,"column":5}},"8":{"start":{"line":19,"column":27},"end":{"line":19,"column":29}},"9":{"start":{"line":20,"column":31},"end":{"line":20,"column":76}},"10":{"start":{"line":21,"column":8},"end":{"line":21,"column":30}},"11":{"start":{"line":24,"column":8},"end":{"line":24,"column":64}},"12":{"start":{"line":25,"column":8},"end":{"line":25,"column":51}},"13":{"start":{"line":29,"column":31},"end":{"line":54,"column":1}},"14":{"start":{"line":31,"column":4},"end":{"line":33,"column":5}},"15":{"start":{"line":32,"column":8},"end":{"line":32,"column":82}},"16":{"start":{"line":36,"column":25},"end":{"line":36,"column":40}},"17":{"start":{"line":37,"column":4},"end":{"line":39,"column":5}},"18":{"start":{"line":38,"column":8},"end":{"line":38,"column":63}},"19":{"start":{"line":42,"column":27},"end":{"line":42,"column":43}},"20":{"start":{"line":44,"column":4},"end":{"line":46,"column":5}},"21":{"start":{"line":45,"column":8},"end":{"line":45,"column":75}},"22":{"start":{"line":48,"column":4},"end":{"line":53,"column":5}},"23":{"start":{"line":49,"column":8},"end":{"line":49,"column":68}},"24":{"start":{"line":51,"column":8},"end":{"line":51,"column":67}},"25":{"start":{"line":52,"column":8},"end":{"line":52,"column":54}}},"fnMap":{"0":{"name":"(anonymous_0)","decl":{"start":{"line":3,"column":28},"end":{"line":3,"column":29}},"loc":{"start":{"line":3,"column":48},"end":{"line":27,"column":1}},"line":3},"1":{"name":"(anonymous_1)","decl":{"start":{"line":29,"column":31},"end":{"line":29,"column":32}},"loc":{"start":{"line":29,"column":67},"end":{"line":54,"column":1}},"line":29}},"branchMap":{"0":{"loc":{"start":{"line":5,"column":4},"end":{"line":7,"column":5}},"type":"if","locations":[{"start":{"line":5,"column":4},"end":{"line":7,"column":5}},{"start":{},"end":{}}],"line":5},"1":{"loc":{"start":{"line":5,"column":8},"end":{"line":5,"column":70}},"type":"binary-expr","locations":[{"start":{"line":5,"column":8},"end":{"line":5,"column":25}},{"start":{"line":5,"column":29},"end":{"line":5,"column":51}},{"start":{"line":5,"column":55},"end":{"line":5,"column":70}}],"line":5},"2":{"loc":{"start":{"line":11,"column":4},"end":{"line":13,"column":5}},"type":"if","locations":[{"start":{"line":11,"column":4},"end":{"line":13,"column":5}},{"start":{},"end":{}}],"line":11},"3":{"loc":{"start":{"line":11,"column":8},"end":{"line":11,"column":62}},"type":"binary-expr","locations":[{"start":{"line":11,"column":8},"end":{"line":11,"column":33}},{"start":{"line":11,"column":37},"end":{"line":11,"column":62}}],"line":11},"4":{"loc":{"start":{"line":31,"column":4},"end":{"line":33,"column":5}},"type":"if","locations":[{"start":{"line":31,"column":4},"end":{"line":33,"column":5}},{"start":{},"end":{}}],"line":31},"5":{"loc":{"start":{"line":31,"column":8},"end":{"line":31,"column":70}},"type":"binary-expr","locations":[{"start":{"line":31,"column":8},"end":{"line":31,"column":25}},{"start":{"line":31,"column":29},"end":{"line":31,"column":51}},{"start":{"line":31,"column":55},"end":{"line":31,"column":70}}],"line":31},"6":{"loc":{"start":{"line":37,"column":4},"end":{"line":39,"column":5}},"type":"if","locations":[{"start":{"line":37,"column":4},"end":{"line":39,"column":5}},{"start":{},"end":{}}],"line":37},"7":{"loc":{"start":{"line":37,"column":8},"end":{"line":37,"column":62}},"type":"binary-expr","locations":[{"start":{"line":37,"column":8},"end":{"line":37,"column":33}},{"start":{"line":37,"column":37},"end":{"line":37,"column":62}}],"line":37},"8":{"loc":{"start":{"line":44,"column":4},"end":{"line":46,"column":5}},"type":"if","locations":[{"start":{"line":44,"column":4},"end":{"line":46,"column":5}},{"start":{},"end":{}}],"line":44},"9":{"loc":{"start":{"line":44,"column":8},"end":{"line":44,"column":61}},"type":"binary-expr","locations":[{"start":{"line":44,"column":8},"end":{"line":44,"column":23}},{"start":{"line":44,"column":27},"end":{"line":44,"column":61}}],"line":44}},"s":{"0":3,"1":49,"2":6,"3":43,"4":43,"5":7,"6":36,"7":36,"8":36,"9":36,"10":35,"11":1,"12":1,"13":3,"14":25,"15":6,"16":19,"17":19,"18":6,"19":13,"20":13,"21":2,"22":11,"23":11,"24":1,"25":1},"f":{"0":49,"1":25},"b":{"0":[6,43],"1":[49,47,45],"2":[7,36],"3":[43,11],"4":[6,19],"5":[25,23,21],"6":[6,13],"7":[19,8],"8":[2,11],"9":[13,12]},"_coverageSchema":"1a1c01bbd47fc00a2c39e90264f33305004495a9","hash":"de5eb402295896d18a6d1cc5598d37c22cd19b5c"}
,"C:\\Users\\admin\\Downloads\\cs4218-2420-ecom-project-team01\\middlewares\\authMiddleware.js": {"path":"C:\\Users\\admin\\Downloads\\cs4218-2420-ecom-project-team01\\middlewares\\authMiddleware.js","statementMap":{"0":{"start":{"line":5,"column":29},"end":{"line":56,"column":1}},"1":{"start":{"line":6,"column":4},"end":{"line":55,"column":5}},"2":{"start":{"line":8,"column":8},"end":{"line":13,"column":9}},"3":{"start":{"line":9,"column":12},"end":{"line":12,"column":15}},"4":{"start":{"line":16,"column":27},"end":{"line":16,"column":52}},"5":{"start":{"line":17,"column":27},"end":{"line":17,"column":94}},"6":{"start":{"line":18,"column":22},"end":{"line":18,"column":50}},"7":{"start":{"line":20,"column":8},"end":{"line":25,"column":9}},"8":{"start":{"line":21,"column":12},"end":{"line":24,"column":15}},"9":{"start":{"line":27,"column":22},"end":{"line":27,"column":30}},"10":{"start":{"line":30,"column":23},"end":{"line":30,"column":64}},"11":{"start":{"line":31,"column":8},"end":{"line":31,"column":26}},"12":{"start":{"line":34,"column":8},"end":{"line":37,"column":9}},"13":{"start":{"line":36,"column":12},"end":{"line":36,"column":58}},"14":{"start":{"line":39,"column":8},"end":{"line":39,"column":15}},"15":{"start":{"line":41,"column":8},"end":{"line":41,"column":29}},"16":{"start":{"line":44,"column":8},"end":{"line":49,"column":9}},"17":{"start":{"line":45,"column":12},"end":{"line":48,"column":15}},"18":{"start":{"line":51,"column":8},"end":{"line":54,"column":11}},"19":{"start":{"line":59,"column":23},"end":{"line":105,"column":1}},"20":{"start":{"line":60,"column":4},"end":{"line":104,"column":5}},"21":{"start":{"line":62,"column":8},"end":{"line":67,"column":9}},"22":{"start":{"line":63,"column":12},"end":{"line":66,"column":15}},"23":{"start":{"line":69,"column":21},"end":{"line":69,"column":59}},"24":{"start":{"line":72,"column":8},"end":{"line":77,"column":9}},"25":{"start":{"line":73,"column":12},"end":{"line":76,"column":15}},"26":{"start":{"line":80,"column":8},"end":{"line":85,"column":9}},"27":{"start":{"line":81,"column":12},"end":{"line":84,"column":15}},"28":{"start":{"line":87,"column":8},"end":{"line":87,"column":15}},"29":{"start":{"line":89,"column":8},"end":{"line":89,"column":29}},"30":{"start":{"line":92,"column":8},"end":{"line":97,"column":9}},"31":{"start":{"line":93,"column":12},"end":{"line":96,"column":15}},"32":{"start":{"line":99,"column":8},"end":{"line":103,"column":11}}},"fnMap":{"0":{"name":"(anonymous_0)","decl":{"start":{"line":5,"column":29},"end":{"line":5,"column":30}},"loc":{"start":{"line":5,"column":55},"end":{"line":56,"column":1}},"line":5},"1":{"name":"(anonymous_1)","decl":{"start":{"line":59,"column":23},"end":{"line":59,"column":24}},"loc":{"start":{"line":59,"column":49},"end":{"line":105,"column":1}},"line":59}},"branchMap":{"0":{"loc":{"start":{"line":8,"column":8},"end":{"line":13,"column":9}},"type":"if","locations":[{"start":{"line":8,"column":8},"end":{"line":13,"column":9}},{"start":{},"end":{}}],"line":8},"1":{"loc":{"start":{"line":8,"column":12},"end":{"line":8,"column":81}},"type":"binary-expr","locations":[{"start":{"line":8,"column":12},"end":{"line":8,"column":38}},{"start":{"line":8,"column":42},"end":{"line":8,"column":81}}],"line":8},"2":{"loc":{"start":{"line":20,"column":8},"end":{"line":25,"column":9}},"type":"if","locations":[{"start":{"line":20,"column":8},"end":{"line":25,"column":9}},{"start":{},"end":{}}],"line":20},"3":{"loc":{"start":{"line":34,"column":8},"end":{"line":37,"column":9}},"type":"if","locations":[{"start":{"line":34,"column":8},"end":{"line":37,"column":9}},{"start":{},"end":{}}],"line":34},"4":{"loc":{"start":{"line":44,"column":8},"end":{"line":49,"column":9}},"type":"if","locations":[{"start":{"line":44,"column":8},"end":{"line":49,"column":9}},{"start":{},"end":{}}],"line":44},"5":{"loc":{"start":{"line":62,"column":8},"end":{"line":67,"column":9}},"type":"if","locations":[{"start":{"line":62,"column":8},"end":{"line":67,"column":9}},{"start":{},"end":{}}],"line":62},"6":{"loc":{"start":{"line":62,"column":12},"end":{"line":62,"column":38}},"type":"binary-expr","locations":[{"start":{"line":62,"column":12},"end":{"line":62,"column":21}},{"start":{"line":62,"column":25},"end":{"line":62,"column":38}}],"line":62},"7":{"loc":{"start":{"line":72,"column":8},"end":{"line":77,"column":9}},"type":"if","locations":[{"start":{"line":72,"column":8},"end":{"line":77,"column":9}},{"start":{},"end":{}}],"line":72},"8":{"loc":{"start":{"line":80,"column":8},"end":{"line":85,"column":9}},"type":"if","locations":[{"start":{"line":80,"column":8},"end":{"line":85,"column":9}},{"start":{},"end":{}}],"line":80},"9":{"loc":{"start":{"line":92,"column":8},"end":{"line":97,"column":9}},"type":"if","locations":[{"start":{"line":92,"column":8},"end":{"line":97,"column":9}},{"start":{},"end":{}}],"line":92}},"s":{"0":4,"1":57,"2":57,"3":6,"4":51,"5":51,"6":51,"7":51,"8":4,"9":47,"10":47,"11":41,"12":41,"13":41,"14":41,"15":6,"16":6,"17":2,"18":4,"19":4,"20":43,"21":43,"22":2,"23":41,"24":38,"25":2,"26":36,"27":4,"28":32,"29":3,"30":3,"31":2,"32":1},"f":{"0":57,"1":43},"b":{"0":[6,51],"1":[57,51],"2":[4,47],"3":[41,0],"4":[2,4],"5":[2,41],"6":[43,42],"7":[2,36],"8":[4,32],"9":[2,1]},"_coverageSchema":"1a1c01bbd47fc00a2c39e90264f33305004495a9","hash":"d32f380089b4ec80ae8f61ae256aea1075c20d02"}
,"C:\\Users\\admin\\Downloads\\cs4218-2420-ecom-project-team01\\models\\categoryModel.js": {"path":"C:\\Users\\admin\\Downloads\\cs4218-2420-ecom-project-team01\\models\\categoryModel.js","statementMap":{"0":{"start":{"line":3,"column":23},"end":{"line":13,"column":2}}},"fnMap":{},"branchMap":{},"s":{"0":5},"f":{},"b":{},"_coverageSchema":"1a1c01bbd47fc00a2c39e90264f33305004495a9","hash":"148c8be99a3b1d7c32b2a7a97ce0b98f61255977"}
,"C:\\Users\\admin\\Downloads\\cs4218-2420-ecom-project-team01\\models\\orderModel.js": {"path":"C:\\Users\\admin\\Downloads\\cs4218-2420-ecom-project-team01\\models\\orderModel.js","statementMap":{"0":{"start":{"line":3,"column":20},"end":{"line":35,"column":1}},"1":{"start":{"line":13,"column":10},"end":{"line":13,"column":50}}},"fnMap":{"0":{"name":"(anonymous_0)","decl":{"start":{"line":12,"column":19},"end":{"line":12,"column":20}},"loc":{"start":{"line":12,"column":31},"end":{"line":14,"column":9}},"line":12}},"branchMap":{"0":{"loc":{"start":{"line":13,"column":17},"end":{"line":13,"column":49}},"type":"binary-expr","locations":[{"start":{"line":13,"column":17},"end":{"line":13,"column":33}},{"start":{"line":13,"column":37},"end":{"line":13,"column":49}}],"line":13}},"s":{"0":4,"1":21},"f":{"0":21},"b":{"0":[21,21]},"_coverageSchema":"1a1c01bbd47fc00a2c39e90264f33305004495a9","hash":"b3d2f088103e77c6313bb6c765cad6cfcd4d4058"}
,"C:\\Users\\admin\\Downloads\\cs4218-2420-ecom-project-team01\\models\\productModel.js": {"path":"C:\\Users\\admin\\Downloads\\cs4218-2420-ecom-project-team01\\models\\productModel.js","statementMap":{"0":{"start":{"line":3,"column":22},"end":{"line":40,"column":1}}},"fnMap":{},"branchMap":{},"s":{"0":3},"f":{},"b":{},"_coverageSchema":"1a1c01bbd47fc00a2c39e90264f33305004495a9","hash":"5a21af81e79b5d3c5f4fea1da25f7d647cfd148e"}
,"C:\\Users\\admin\\Downloads\\cs4218-2420-ecom-project-team01\\models\\userModel.js": {"path":"C:\\Users\\admin\\Downloads\\cs4218-2420-ecom-project-team01\\models\\userModel.js","statementMap":{"0":{"start":{"line":3,"column":19},"end":{"line":37,"column":1}}},"fnMap":{},"branchMap":{},"s":{"0":6},"f":{},"b":{},"_coverageSchema":"1a1c01bbd47fc00a2c39e90264f33305004495a9","hash":"5321886584845ddafd4ccd1ec53f08b2a4b8746e"}
,"C:\\Users\\admin\\Downloads\\cs4218-2420-ecom-project-team01\\routes\\categoryRoutes.js": {"path":"C:\\Users\\admin\\Downloads\\cs4218-2420-ecom-project-team01\\routes\\categoryRoutes.js","statementMap":{"0":{"start":{"line":11,"column":15},"end":{"line":11,"column":31}},"1":{"start":{"line":15,"column":0},"end":{"line":20,"column":2}},"2":{"start":{"line":23,"column":0},"end":{"line":28,"column":2}},"3":{"start":{"line":31,"column":0},"end":{"line":31,"column":48}},"4":{"start":{"line":34,"column":0},"end":{"line":34,"column":63}},"5":{"start":{"line":37,"column":0},"end":{"line":42,"column":2}}},"fnMap":{},"branchMap":{},"s":{"0":1,"1":1,"2":1,"3":1,"4":1,"5":1},"f":{},"b":{},"_coverageSchema":"1a1c01bbd47fc00a2c39e90264f33305004495a9","hash":"8a91c4a3838ca554c63ffa0b88c3f80c31e7f4e8"}
,"C:\\Users\\admin\\Downloads\\cs4218-2420-ecom-project-team01\\routes\\productRoutes.js": {"path":"C:\\Users\\admin\\Downloads\\cs4218-2420-ecom-project-team01\\routes\\productRoutes.js","statementMap":{"0":{"start":{"line":21,"column":15},"end":{"line":21,"column":31}},"1":{"start":{"line":24,"column":0},"end":{"line":30,"column":2}},"2":{"start":{"line":32,"column":0},"end":{"line":38,"column":2}},"3":{"start":{"line":40,"column":0},"end":{"line":45,"column":2}},"4":{"start":{"line":48,"column":0},"end":{"line":48,"column":49}},"5":{"start":{"line":51,"column":0},"end":{"line":51,"column":61}},"6":{"start":{"line":54,"column":0},"end":{"line":54,"column":58}},"7":{"start":{"line":57,"column":0},"end":{"line":57,"column":58}},"8":{"start":{"line":60,"column":0},"end":{"line":60,"column":53}},"9":{"start":{"line":63,"column":0},"end":{"line":63,"column":57}},"10":{"start":{"line":66,"column":0},"end":{"line":66,"column":56}},"11":{"start":{"line":69,"column":0},"end":{"line":69,"column":67}},"12":{"start":{"line":72,"column":0},"end":{"line":72,"column":65}},"13":{"start":{"line":76,"column":0},"end":{"line":76,"column":57}},"14":{"start":{"line":79,"column":0},"end":{"line":79,"column":77}}},"fnMap":{},"branchMap":{},"s":{"0":1,"1":1,"2":1,"3":1,"4":1,"5":1,"6":1,"7":1,"8":1,"9":1,"10":1,"11":1,"12":1,"13":1,"14":1},"f":{},"b":{},"_coverageSchema":"1a1c01bbd47fc00a2c39e90264f33305004495a9","hash":"2286fef33d20460ff1c1639b345d8b19dc461929"}
}
