TN:
SF:client\src\components\AdminMenu.js
FN:3,(anonymous_0)
FNF:1
FNH:0
FNDA:0,(anonymous_0)
DA:3,1
DA:4,0
LF:2
LH:1
BRF:0
BRH:0
end_of_record
TN:
SF:client\src\components\Form\CategoryForm.js
FN:3,(anonymous_0)
FN:13,(anonymous_1)
FNF:2
FNH:0
FNDA:0,(anonymous_0)
FNDA:0,(anonymous_1)
DA:3,1
DA:4,0
DA:13,0
LF:3
LH:1
BRF:0
BRH:0
end_of_record
TN:
SF:client\src\components\Form\SearchInput.js
FN:5,(anonymous_0)
FN:9,(anonymous_1)
FN:33,(anonymous_2)
FNF:3
FNH:0
FNDA:0,(anonymous_0)
FNDA:0,(anonymous_1)
FNDA:0,(anonymous_2)
DA:5,1
DA:6,0
DA:7,0
DA:9,0
DA:10,0
DA:11,0
DA:12,0
DA:14,0
DA:15,0
DA:18,0
DA:19,0
DA:21,0
DA:24,0
DA:33,0
LF:14
LH:1
BRDA:11,0,0,0
BRDA:11,0,1,0
BRF:2
BRH:0
end_of_record
TN:
SF:client\src\context\auth.js
FN:6,(anonymous_0)
FN:19,(anonymous_1)
FN:45,(anonymous_2)
FNF:3
FNH:0
FNDA:0,(anonymous_0)
FNDA:0,(anonymous_1)
FNDA:0,(anonymous_2)
DA:4,1
DA:6,1
DA:7,0
DA:13,0
DA:14,0
DA:16,0
DA:19,0
DA:20,0
DA:22,0
DA:23,0
DA:24,0
DA:25,0
DA:31,0
DA:32,0
DA:37,0
DA:45,1
LF:16
LH:3
BRDA:13,0,0,0
BRDA:13,0,1,0
BRDA:22,1,0,0
BRDA:22,1,1,0
BRF:4
BRH:0
end_of_record
TN:
SF:client\src\context\search.js
FN:4,(anonymous_0)
FN:18,(anonymous_1)
FNF:2
FNH:0
FNDA:0,(anonymous_0)
FNDA:0,(anonymous_1)
DA:3,1
DA:4,1
DA:5,0
DA:10,0
DA:18,1
LF:5
LH:3
BRF:0
BRH:0
end_of_record
TN:
SF:client\src\hooks\useCategory.js
FN:4,useCategory
FN:8,(anonymous_1)
FN:20,(anonymous_2)
FNF:3
FNH:0
FNDA:0,useCategory
FNDA:0,(anonymous_1)
FNDA:0,(anonymous_2)
DA:5,0
DA:8,0
DA:9,0
DA:10,0
DA:12,0
DA:13,0
DA:16,0
DA:20,0
DA:21,0
DA:24,0
LF:10
LH:0
BRDA:12,0,0,0
BRDA:12,0,1,0
BRF:2
BRH:0
end_of_record
TN:
SF:client\src\pages\Search.js
FN:7,(anonymous_0)
FN:12,(anonymous_1)
FN:29,(anonymous_2)
FN:48,(anonymous_3)
FN:53,(anonymous_4)
FNF:5
FNH:0
FNDA:0,(anonymous_0)
FNDA:0,(anonymous_1)
FNDA:0,(anonymous_2)
FNDA:0,(anonymous_3)
FNDA:0,(anonymous_4)
DA:7,1
DA:8,0
DA:9,0
DA:10,0
DA:12,0
DA:13,0
DA:14,0
DA:15,0
DA:18,0
DA:30,0
DA:48,0
DA:53,0
LF:12
LH:1
BRDA:24,0,0,0
BRDA:24,0,1,0
BRF:2
BRH:0
end_of_record
TN:
SF:client\src\pages\admin\CreateCategory.js
FN:8,(anonymous_0)
FN:15,(anonymous_1)
FN:34,(anonymous_2)
FN:49,(anonymous_3)
FN:54,(anonymous_4)
FN:75,(anonymous_5)
FN:116,(anonymous_6)
FN:122,(anonymous_7)
FN:132,(anonymous_8)
FN:144,(anonymous_9)
FNF:10
FNH:0
FNDA:0,(anonymous_0)
FNDA:0,(anonymous_1)
FNDA:0,(anonymous_2)
FNDA:0,(anonymous_3)
FNDA:0,(anonymous_4)
FNDA:0,(anonymous_5)
FNDA:0,(anonymous_6)
FNDA:0,(anonymous_7)
FNDA:0,(anonymous_8)
FNDA:0,(anonymous_9)
DA:8,1
DA:9,0
DA:10,0
DA:11,0
DA:12,0
DA:13,0
DA:15,0
DA:16,0
DA:17,0
DA:18,0
DA:21,0
DA:22,0
DA:23,0
DA:25,0
DA:28,0
DA:29,0
DA:34,0
DA:35,0
DA:36,0
DA:37,0
DA:38,0
DA:39,0
DA:40,0
DA:44,0
DA:45,0
DA:49,0
DA:50,0
DA:54,0
DA:55,0
DA:56,0
DA:57,0
DA:61,0
DA:62,0
DA:63,0
DA:64,0
DA:65,0
DA:66,0
DA:68,0
DA:71,0
DA:75,0
DA:76,0
DA:77,0
DA:80,0
DA:81,0
DA:83,0
DA:85,0
DA:88,0
DA:91,0
DA:117,0
DA:123,0
DA:124,0
DA:125,0
DA:133,0
DA:144,0
LF:54
LH:1
BRDA:21,0,0,0
BRDA:21,0,1,0
BRDA:37,1,0,0
BRDA:37,1,1,0
BRDA:39,2,0,0
BRDA:39,2,1,0
BRDA:61,3,0,0
BRDA:61,3,1,0
BRDA:80,4,0,0
BRDA:80,4,1,0
BRF:10
BRH:0
end_of_record
TN:
SF:client\src\pages\admin\CreateProduct.js
FN:10,(anonymous_0)
FN:22,(anonymous_1)
FN:37,(anonymous_2)
FN:41,(anonymous_3)
FN:66,(anonymous_4)
FN:116,(anonymous_5)
FN:120,(anonymous_6)
FN:133,(anonymous_7)
FN:157,(anonymous_8)
FN:166,(anonymous_9)
FN:176,(anonymous_10)
FN:185,(anonymous_11)
FN:196,(anonymous_12)
FNF:13
FNH:0
FNDA:0,(anonymous_0)
FNDA:0,(anonymous_1)
FNDA:0,(anonymous_2)
FNDA:0,(anonymous_3)
FNDA:0,(anonymous_4)
FNDA:0,(anonymous_5)
FNDA:0,(anonymous_6)
FNDA:0,(anonymous_7)
FNDA:0,(anonymous_8)
FNDA:0,(anonymous_9)
FNDA:0,(anonymous_10)
FNDA:0,(anonymous_11)
FNDA:0,(anonymous_12)
DA:8,1
DA:10,1
DA:11,0
DA:12,0
DA:13,0
DA:14,0
DA:15,0
DA:16,0
DA:17,0
DA:18,0
DA:19,0
DA:22,0
DA:23,0
DA:24,0
DA:25,0
DA:26,0
DA:28,0
DA:29,0
DA:32,0
DA:33,0
DA:37,0
DA:38,0
DA:41,0
DA:42,0
DA:51,0
DA:52,0
DA:54,0
DA:55,0
DA:56,0
DA:58,0
DA:59,0
DA:60,0
DA:62,0
DA:66,0
DA:67,0
DA:68,0
DA:69,0
DA:71,0
DA:72,0
DA:73,0
DA:74,0
DA:75,0
DA:76,0
DA:77,0
DA:78,0
DA:79,0
DA:81,0
DA:86,0
DA:87,0
DA:89,0
DA:90,0
DA:93,0
DA:94,0
DA:98,0
DA:117,0
DA:121,0
DA:133,0
DA:157,0
DA:166,0
DA:176,0
DA:185,0
DA:197,0
LF:62
LH:2
BRDA:25,0,0,0
BRDA:25,0,1,0
BRDA:42,1,0,0
BRDA:42,1,1,0
BRDA:43,2,0,0
BRDA:43,2,1,0
BRDA:43,2,2,0
BRDA:43,2,3,0
BRDA:43,2,4,0
BRDA:43,2,5,0
BRDA:43,2,6,0
BRDA:54,3,0,0
BRDA:54,3,1,0
BRDA:58,4,0,0
BRDA:58,4,1,0
BRDA:68,5,0,0
BRDA:68,5,1,0
BRDA:86,6,0,0
BRDA:86,6,1,0
BRDA:128,7,0,0
BRDA:128,7,1,0
BRDA:140,8,0,0
BRDA:140,8,1,0
BRF:23
BRH:0
end_of_record
TN:
SF:client\src\pages\admin\Products.js
FN:7,(anonymous_0)
FN:11,(anonymous_1)
FN:22,(anonymous_2)
FN:34,(anonymous_3)
FNF:4
FNH:0
FNDA:0,(anonymous_0)
FNDA:0,(anonymous_1)
FNDA:0,(anonymous_2)
FNDA:0,(anonymous_3)
DA:7,1
DA:8,0
DA:11,0
DA:12,0
DA:13,0
DA:14,0
DA:16,0
DA:17,0
DA:22,0
DA:23,0
DA:25,0
DA:35,0
LF:12
LH:1
BRF:0
BRH:0
end_of_record
TN:
SF:client\src\pages\admin\UpdateProduct.js
FN:10,(anonymous_0)
FN:24,(anonymous_1)
FN:46,(anonymous_2)
FN:60,(anonymous_3)
FN:65,(anonymous_4)
FN:89,(anonymous_5)
FN:120,(anonymous_6)
FN:154,(anonymous_7)
FN:158,(anonymous_8)
FN:172,(anonymous_9)
FN:208,(anonymous_10)
FN:217,(anonymous_11)
FN:227,(anonymous_12)
FN:236,(anonymous_13)
FN:247,(anonymous_14)
FNF:15
FNH:0
FNDA:0,(anonymous_0)
FNDA:0,(anonymous_1)
FNDA:0,(anonymous_2)
FNDA:0,(anonymous_3)
FNDA:0,(anonymous_4)
FNDA:0,(anonymous_5)
FNDA:0,(anonymous_6)
FNDA:0,(anonymous_7)
FNDA:0,(anonymous_8)
FNDA:0,(anonymous_9)
FNDA:0,(anonymous_10)
FNDA:0,(anonymous_11)
FNDA:0,(anonymous_12)
FNDA:0,(anonymous_13)
FNDA:0,(anonymous_14)
DA:8,1
DA:10,1
DA:11,0
DA:12,0
DA:13,0
DA:14,0
DA:15,0
DA:16,0
DA:17,0
DA:18,0
DA:19,0
DA:20,0
DA:21,0
DA:24,0
DA:25,0
DA:26,0
DA:29,0
DA:30,0
DA:31,0
DA:33,0
DA:34,0
DA:35,0
DA:36,0
DA:37,0
DA:38,0
DA:39,0
DA:41,0
DA:42,0
DA:46,0
DA:47,0
DA:48,0
DA:49,0
DA:50,0
DA:52,0
DA:55,0
DA:56,0
DA:60,0
DA:61,0
DA:62,0
DA:65,0
DA:66,0
DA:74,0
DA:75,0
DA:77,0
DA:78,0
DA:79,0
DA:81,0
DA:82,0
DA:83,0
DA:85,0
DA:89,0
DA:90,0
DA:91,0
DA:92,0
DA:94,0
DA:95,0
DA:96,0
DA:97,0
DA:98,0
DA:99,0
DA:100,0
DA:101,0
DA:102,0
DA:103,0
DA:107,0
DA:108,0
DA:110,0
DA:111,0
DA:114,0
DA:115,0
DA:120,0
DA:121,0
DA:122,0
DA:123,0
DA:124,0
DA:127,0
DA:128,0
DA:130,0
DA:131,0
DA:133,0
DA:134,0
DA:137,0
DA:155,0
DA:159,0
DA:172,0
DA:208,0
DA:217,0
DA:227,0
DA:236,0
DA:248,0
LF:90
LH:2
BRDA:29,0,0,0
BRDA:29,0,1,0
BRDA:29,1,0,0
BRDA:29,1,1,0
BRDA:49,2,0,0
BRDA:49,2,1,0
BRDA:66,3,0,0
BRDA:66,3,1,0
BRDA:67,4,0,0
BRDA:67,4,1,0
BRDA:67,4,2,0
BRDA:67,4,3,0
BRDA:67,4,4,0
BRDA:67,4,5,0
BRDA:77,5,0,0
BRDA:77,5,1,0
BRDA:81,6,0,0
BRDA:81,6,1,0
BRDA:91,7,0,0
BRDA:91,7,1,0
BRDA:100,8,0,0
BRDA:100,8,1,0
BRDA:107,9,0,0
BRDA:107,9,1,0
BRDA:123,10,0,0
BRDA:123,10,1,0
BRDA:127,11,0,0
BRDA:127,11,1,0
BRDA:166,12,0,0
BRDA:166,12,1,0
BRDA:178,13,0,0
BRDA:178,13,1,0
BRDA:189,14,0,0
BRDA:189,14,1,0
BRDA:250,15,0,0
BRDA:250,15,1,0
BRF:36
BRH:0
end_of_record
TN:
SF:client\src\pages\user\Orders.js
FN:8,(anonymous_0)
FN:11,(anonymous_1)
FN:20,(anonymous_2)
FN:35,(anonymous_3)
FN:65,(anonymous_4)
FNF:5
FNH:0
FNDA:0,(anonymous_0)
FNDA:0,(anonymous_1)
FNDA:0,(anonymous_2)
FNDA:0,(anonymous_3)
FNDA:0,(anonymous_4)
DA:8,1
DA:9,0
DA:10,0
DA:11,0
DA:12,0
DA:13,0
DA:14,0
DA:16,0
DA:20,0
DA:21,0
DA:23,0
DA:36,0
DA:66,0
LF:13
LH:1
BRDA:21,0,0,0
BRDA:21,0,1,0
BRDA:32,1,0,0
BRDA:32,1,1,0
BRDA:53,2,0,0
BRDA:53,2,1,0
BRDA:55,3,0,0
BRDA:55,3,1,0
BRDA:59,4,0,0
BRDA:59,4,1,0
BRDA:60,5,0,0
BRDA:60,5,1,0
BRDA:78,6,0,0
BRDA:78,6,1,0
BRF:14
BRH:0
end_of_record
TN:
SF:config\db.js
FN:9,(anonymous_0)
FN:25,(anonymous_1)
FN:33,(anonymous_2)
FNF:3
FNH:2
FNDA:1,(anonymous_0)
FNDA:0,(anonymous_1)
FNDA:1,(anonymous_2)
DA:7,1
DA:9,1
DA:10,1
DA:12,0
DA:13,0
DA:14,0
DA:16,1
DA:17,1
DA:18,1
DA:20,0
DA:21,0
DA:25,1
DA:26,0
DA:27,0
DA:33,1
DA:34,1
DA:35,1
DA:36,1
DA:37,1
DA:41,1
LF:20
LH:13
BRDA:10,0,0,0
BRDA:10,0,1,1
BRDA:10,0,2,0
BRF:3
BRH:1
end_of_record
TN:
SF:config\populateData.js
FN:8,(anonymous_0)
FN:17,(anonymous_1)
FN:42,(anonymous_2)
FN:55,(anonymous_3)
FN:79,(anonymous_4)
FNF:5
FNH:5
FNDA:1,(anonymous_0)
FNDA:2,(anonymous_1)
FNDA:3,(anonymous_2)
FNDA:4,(anonymous_3)
FNDA:4,(anonymous_4)
DA:8,1
DA:9,1
DA:11,1
DA:13,1
DA:14,1
DA:16,1
DA:17,2
DA:24,1
DA:26,1
DA:29,1
DA:31,1
DA:35,1
DA:39,1
DA:42,1
DA:43,3
DA:44,3
DA:47,1
DA:50,1
DA:52,1
DA:53,1
DA:55,4
DA:68,1
DA:70,1
DA:72,1
DA:74,0
DA:79,1
DA:80,4
DA:81,4
LF:28
LH:27
BRF:0
BRH:0
end_of_record
TN:
SF:controllers\authController.js
FN:7,(anonymous_0)
FN:70,(anonymous_1)
FN:124,(anonymous_2)
FN:162,(anonymous_3)
FN:172,(anonymous_4)
FN:207,(anonymous_5)
FN:225,(anonymous_6)
FN:244,(anonymous_7)
FNF:8
FNH:8
FNDA:10,(anonymous_0)
FNDA:5,(anonymous_1)
FNDA:4,(anonymous_2)
FNDA:2,(anonymous_3)
FNDA:5,(anonymous_4)
FNDA:3,(anonymous_5)
FNDA:3,(anonymous_6)
FNDA:3,(anonymous_7)
DA:7,1
DA:8,10
DA:9,10
DA:11,10
DA:12,1
DA:14,9
DA:15,1
DA:17,8
DA:18,8
DA:19,1
DA:21,7
DA:22,1
DA:24,6
DA:25,1
DA:27,5
DA:28,1
DA:30,4
DA:31,1
DA:34,3
DA:36,2
DA:37,1
DA:43,1
DA:45,1
DA:54,1
DA:60,1
DA:61,1
DA:70,1
DA:71,5
DA:72,5
DA:74,5
DA:75,1
DA:81,4
DA:82,3
DA:83,1
DA:88,2
DA:89,2
DA:90,1
DA:96,1
DA:99,1
DA:113,1
DA:114,1
DA:124,1
DA:125,4
DA:126,4
DA:127,4
DA:128,1
DA:130,4
DA:131,1
DA:133,4
DA:134,1
DA:137,4
DA:139,3
DA:140,2
DA:145,1
DA:146,1
DA:147,1
DA:152,1
DA:153,1
DA:162,1
DA:163,2
DA:164,2
DA:166,1
DA:167,1
DA:172,1
DA:173,5
DA:174,5
DA:175,5
DA:177,4
DA:178,1
DA:180,3
DA:181,3
DA:191,3
DA:197,1
DA:198,1
DA:207,1
DA:208,3
DA:209,3
DA:213,2
DA:215,1
DA:216,1
DA:225,1
DA:226,3
DA:227,3
DA:232,2
DA:234,1
DA:235,1
DA:244,1
DA:245,3
DA:246,3
DA:247,3
DA:248,3
DA:253,2
DA:255,1
DA:256,1
LF:94
LH:94
BRDA:11,0,0,1
BRDA:11,0,1,9
BRDA:14,1,0,1
BRDA:14,1,1,8
BRDA:18,2,0,1
BRDA:18,2,1,7
BRDA:21,3,0,1
BRDA:21,3,1,6
BRDA:24,4,0,1
BRDA:24,4,1,5
BRDA:27,5,0,1
BRDA:27,5,1,4
BRDA:30,6,0,1
BRDA:30,6,1,3
BRDA:36,7,0,1
BRDA:36,7,1,1
BRDA:74,8,0,1
BRDA:74,8,1,4
BRDA:74,9,0,5
BRDA:74,9,1,4
BRDA:82,10,0,1
BRDA:82,10,1,2
BRDA:89,11,0,1
BRDA:89,11,1,1
BRDA:127,12,0,1
BRDA:127,12,1,3
BRDA:130,13,0,1
BRDA:130,13,1,3
BRDA:133,14,0,1
BRDA:133,14,1,3
BRDA:139,15,0,2
BRDA:139,15,1,1
BRDA:177,16,0,1
BRDA:177,16,1,3
BRDA:177,17,0,4
BRDA:177,17,1,2
BRDA:180,18,0,1
BRDA:180,18,1,2
BRDA:184,19,0,3
BRDA:184,19,1,1
BRDA:185,20,0,3
BRDA:185,20,1,2
BRDA:186,21,0,3
BRDA:186,21,1,1
BRDA:187,22,0,3
BRDA:187,22,1,1
BRF:46
BRH:46
end_of_record
TN:
SF:controllers\categoryController.js
FN:3,(anonymous_0)
FN:36,(anonymous_1)
FN:61,(anonymous_2)
FN:80,(anonymous_3)
FN:99,(anonymous_4)
FNF:5
FNH:5
FNDA:17,(anonymous_0)
FNDA:7,(anonymous_1)
FNDA:5,(anonymous_2)
FNDA:6,(anonymous_3)
FNDA:5,(anonymous_4)
DA:3,2
DA:4,17
DA:5,17
DA:6,17
DA:7,2
DA:9,15
DA:10,13
DA:11,3
DA:16,10
DA:20,9
DA:26,3
DA:27,3
DA:36,2
DA:37,7
DA:38,7
DA:39,7
DA:40,7
DA:45,3
DA:51,4
DA:52,4
DA:61,2
DA:62,5
DA:63,5
DA:64,4
DA:70,1
DA:71,1
DA:80,2
DA:81,6
DA:82,6
DA:83,4
DA:89,2
DA:90,2
DA:99,2
DA:100,5
DA:101,5
DA:102,5
DA:103,2
DA:108,3
DA:109,3
LF:39
LH:39
BRDA:6,0,0,2
BRDA:6,0,1,15
BRDA:10,1,0,3
BRDA:10,1,1,10
BRF:4
BRH:4
end_of_record
TN:
SF:controllers\productController.js
FN:20,(anonymous_0)
FN:71,(anonymous_1)
FN:95,(anonymous_2)
FN:124,(anonymous_3)
FN:159,(anonymous_4)
FN:177,(anonymous_5)
FN:236,(anonymous_6)
FN:264,(anonymous_7)
FN:282,(anonymous_8)
FN:307,(anonymous_9)
FN:331,(anonymous_10)
FN:367,(anonymous_11)
FN:388,(anonymous_12)
FN:390,(anonymous_13)
FN:403,(anonymous_14)
FN:416,(anonymous_15)
FN:427,(anonymous_16)
FNF:17
FNH:17
FNDA:14,(anonymous_0)
FNDA:5,(anonymous_1)
FNDA:6,(anonymous_2)
FNDA:7,(anonymous_3)
FNDA:4,(anonymous_4)
FNDA:13,(anonymous_5)
FNDA:11,(anonymous_6)
FNDA:4,(anonymous_7)
FNDA:6,(anonymous_8)
FNDA:7,(anonymous_9)
FNDA:7,(anonymous_10)
FNDA:7,(anonymous_11)
FNDA:3,(anonymous_12)
FNDA:2,(anonymous_13)
FNDA:6,(anonymous_14)
FNDA:6,(anonymous_15)
FNDA:2,(anonymous_16)
DA:10,2
DA:13,2
DA:20,2
DA:21,14
DA:23,14
DA:24,14
DA:26,14
DA:28,1
DA:30,1
DA:32,1
DA:34,1
DA:36,1
DA:38,1
DA:40,1
DA:42,1
DA:44,1
DA:46,1
DA:49,4
DA:51,3
DA:52,3
DA:54,3
DA:55,2
DA:61,2
DA:62,2
DA:71,2
DA:72,5
DA:73,5
DA:79,3
DA:86,2
DA:87,2
DA:95,2
DA:96,6
DA:97,6
DA:102,4
DA:103,2
DA:108,2
DA:114,2
DA:115,2
DA:124,2
DA:125,7
DA:126,7
DA:131,5
DA:132,2
DA:139,3
DA:140,1
DA:146,2
DA:147,2
DA:149,2
DA:150,2
DA:159,2
DA:160,4
DA:161,4
DA:162,2
DA:167,2
DA:168,2
DA:177,2
DA:178,13
DA:180,13
DA:181,13
DA:183,13
DA:185,1
DA:187,1
DA:189,1
DA:191,1
DA:193,1
DA:195,1
DA:197,1
DA:202,6
DA:208,4
DA:209,1
DA:214,3
DA:215,1
DA:216,1
DA:219,3
DA:220,3
DA:226,2
DA:227,2
DA:236,2
DA:237,11
DA:238,11
DA:239,11
DA:240,11
DA:241,11
DA:242,7
DA:243,7
DA:244,6
DA:247,11
DA:249,9
DA:254,2
DA:255,2
DA:264,2
DA:265,4
DA:266,4
DA:267,2
DA:272,2
DA:273,2
DA:282,2
DA:283,6
DA:284,6
DA:285,6
DA:286,6
DA:292,4
DA:297,2
DA:298,2
DA:307,2
DA:308,7
DA:309,7
DA:310,7
DA:311,7
DA:319,5
DA:321,2
DA:322,2
DA:331,2
DA:332,7
DA:333,7
DA:334,7
DA:335,1
DA:339,6
DA:340,1
DA:344,5
DA:352,3
DA:357,2
DA:358,2
DA:367,2
DA:368,7
DA:369,7
DA:370,7
DA:371,5
DA:377,2
DA:378,2
DA:388,2
DA:389,3
DA:390,3
DA:391,2
DA:392,1
DA:394,1
DA:398,1
DA:403,2
DA:404,6
DA:405,6
DA:406,6
DA:407,1
DA:409,5
DA:410,1
DA:412,4
DA:413,1
DA:415,3
DA:416,3
DA:417,6
DA:419,3
DA:428,2
DA:429,1
DA:434,1
DA:436,1
DA:441,1
LF:155
LH:155
BRDA:26,0,0,1
BRDA:26,0,1,1
BRDA:26,0,2,1
BRDA:26,0,3,1
BRDA:26,0,4,1
BRDA:26,0,5,1
BRDA:26,0,6,1
BRDA:26,0,7,1
BRDA:26,0,8,1
BRDA:26,0,9,1
BRDA:31,1,0,12
BRDA:31,1,1,11
BRDA:37,2,0,9
BRDA:37,2,1,8
BRDA:41,3,0,7
BRDA:41,3,1,6
BRDA:102,4,0,2
BRDA:102,4,1,2
BRDA:131,5,0,2
BRDA:131,5,1,3
BRDA:139,6,0,1
BRDA:139,6,1,2
BRDA:183,7,0,1
BRDA:183,7,1,1
BRDA:183,7,2,1
BRDA:183,7,3,1
BRDA:183,7,4,1
BRDA:183,7,5,1
BRDA:183,7,6,1
BRDA:194,8,0,8
BRDA:194,8,1,7
BRDA:196,9,0,7
BRDA:196,9,1,4
BRDA:208,10,0,1
BRDA:208,10,1,3
BRDA:214,11,0,1
BRDA:214,11,1,2
BRDA:240,12,0,6
BRDA:240,12,1,5
BRDA:241,13,0,7
BRDA:241,13,1,4
BRDA:243,14,0,6
BRDA:243,14,1,1
BRDA:285,15,0,5
BRDA:285,15,1,1
BRDA:334,16,0,1
BRDA:334,16,1,6
BRDA:339,17,0,1
BRDA:339,17,1,5
BRDA:391,18,0,1
BRDA:391,18,1,1
BRDA:406,19,0,1
BRDA:406,19,1,5
BRDA:409,20,0,1
BRDA:409,20,1,4
BRDA:409,21,0,5
BRDA:409,21,1,4
BRDA:412,22,0,1
BRDA:412,22,1,3
BRDA:428,23,0,1
BRDA:428,23,1,1
BRF:61
BRH:61
end_of_record
TN:
SF:helpers\authHelper.js
FN:3,(anonymous_0)
FN:29,(anonymous_1)
FNF:2
FNH:2
FNDA:49,(anonymous_0)
FNDA:25,(anonymous_1)
DA:3,3
DA:5,49
DA:6,6
DA:10,43
DA:11,43
DA:12,7
DA:16,36
DA:18,36
DA:19,36
DA:20,36
DA:21,35
DA:24,1
DA:25,1
DA:29,3
DA:31,25
DA:32,6
DA:36,19
DA:37,19
DA:38,6
DA:42,13
DA:44,13
DA:45,2
DA:48,11
DA:49,11
DA:51,1
DA:52,1
LF:26
LH:26
BRDA:5,0,0,6
BRDA:5,0,1,43
BRDA:5,1,0,49
BRDA:5,1,1,47
BRDA:5,1,2,45
BRDA:11,2,0,7
BRDA:11,2,1,36
BRDA:11,3,0,43
BRDA:11,3,1,11
BRDA:31,4,0,6
BRDA:31,4,1,19
BRDA:31,5,0,25
BRDA:31,5,1,23
BRDA:31,5,2,21
BRDA:37,6,0,6
BRDA:37,6,1,13
BRDA:37,7,0,19
BRDA:37,7,1,8
BRDA:44,8,0,2
BRDA:44,8,1,11
BRDA:44,9,0,13
BRDA:44,9,1,12
BRF:22
BRH:22
end_of_record
TN:
SF:middlewares\authMiddleware.js
FN:5,(anonymous_0)
FN:59,(anonymous_1)
FNF:2
FNH:2
FNDA:57,(anonymous_0)
FNDA:43,(anonymous_1)
DA:5,4
DA:6,57
DA:8,57
DA:9,6
DA:16,51
DA:17,51
DA:18,51
DA:20,51
DA:21,4
DA:27,47
DA:30,47
DA:31,41
DA:34,41
DA:36,41
DA:39,41
DA:41,6
DA:44,6
DA:45,2
DA:51,4
DA:59,4
DA:60,43
DA:62,43
DA:63,2
DA:69,41
DA:72,38
DA:73,2
DA:80,36
DA:81,4
DA:87,32
DA:89,3
DA:92,3
DA:93,2
DA:99,1
LF:33
LH:33
BRDA:8,0,0,6
BRDA:8,0,1,51
BRDA:8,1,0,57
BRDA:8,1,1,51
BRDA:20,2,0,4
BRDA:20,2,1,47
BRDA:34,3,0,41
BRDA:34,3,1,0
BRDA:44,4,0,2
BRDA:44,4,1,4
BRDA:62,5,0,2
BRDA:62,5,1,41
BRDA:62,6,0,43
BRDA:62,6,1,42
BRDA:72,7,0,2
BRDA:72,7,1,36
BRDA:80,8,0,4
BRDA:80,8,1,32
BRDA:92,9,0,2
BRDA:92,9,1,1
BRF:20
BRH:19
end_of_record
TN:
SF:models\categoryModel.js
FNF:0
FNH:0
DA:3,5
LF:1
LH:1
BRF:0
BRH:0
end_of_record
TN:
SF:models\orderModel.js
FN:12,(anonymous_0)
FNF:1
FNH:1
FNDA:21,(anonymous_0)
DA:3,4
DA:13,21
LF:2
LH:2
BRDA:13,0,0,21
BRDA:13,0,1,21
BRF:2
BRH:2
end_of_record
TN:
SF:models\productModel.js
FNF:0
FNH:0
DA:3,3
LF:1
LH:1
BRF:0
BRH:0
end_of_record
TN:
SF:models\userModel.js
FNF:0
FNH:0
DA:3,6
LF:1
LH:1
BRF:0
BRH:0
end_of_record
TN:
SF:routes\categoryRoutes.js
FNF:0
FNH:0
DA:11,1
DA:15,1
DA:23,1
DA:31,1
DA:34,1
DA:37,1
LF:6
LH:6
BRF:0
BRH:0
end_of_record
TN:
SF:routes\productRoutes.js
FNF:0
FNH:0
DA:21,1
DA:24,1
DA:32,1
DA:40,1
DA:48,1
DA:51,1
DA:54,1
DA:57,1
DA:60,1
DA:63,1
DA:66,1
DA:69,1
DA:72,1
DA:76,1
DA:79,1
LF:15
LH:15
BRF:0
BRH:0
end_of_record
